Started GET "/" for ::1 at 2019-07-30 10:07:45 -1000

ActiveRecord::ConnectionNotEstablished - No connection pool with 'primary' found.:

Started POST "/__better_errors/a8e15345af6f307e/variables" for ::1 at 2019-07-30 10:07:48 -1000
Started GET "/" for ::1 at 2019-07-30 10:08:19 -1000

ActiveRecord::ConnectionNotEstablished - No connection pool with 'primary' found.:

Started POST "/__better_errors/8bd182b8d96b9eda/variables" for ::1 at 2019-07-30 10:08:21 -1000
Started GET "/" for ::1 at 2019-07-30 10:08:34 -1000

ActiveRecord::ConnectionNotEstablished - No connection pool with 'primary' found.:

Started POST "/__better_errors/8bd182b8d96b9eda/eval" for ::1 at 2019-07-30 10:08:35 -1000
Started POST "/__better_errors/d26ba883edd7fb74/variables" for ::1 at 2019-07-30 10:08:36 -1000
DEPRECATION WARNING: ActiveRecord::Base.raise_in_transactional_callbacks= is deprecated, has no effect and will be removed without replacement. (called from <top (required)> at C:/Users/Jonathan/OneDrive/Documents/App Academy Projects/AppAcademy-Work/W10D2/AA Times/config/environment.rb:5)
DEPRECATION WARNING: ActiveRecord::Base.raise_in_transactional_callbacks= is deprecated, has no effect and will be removed without replacement. (called from require at bin/rails:9)
  [1m[35m (8.1ms)[0m  [1m[35mCREATE TABLE "schema_migrations" ("version" varchar NOT NULL PRIMARY KEY)[0m
  [1m[35m (4.3ms)[0m  [1m[35mCREATE TABLE "ar_internal_metadata" ("key" varchar NOT NULL PRIMARY KEY, "value" varchar, "created_at" datetime NOT NULL, "updated_at" datetime NOT NULL)[0m
  [1m[36mActiveRecord::InternalMetadata Load (0.2ms)[0m  [1m[34mSELECT  "ar_internal_metadata".* FROM "ar_internal_metadata" WHERE "ar_internal_metadata"."key" = ? LIMIT ?[0m  [["key", "environment"], ["LIMIT", 1]]
  [1m[35m (0.0ms)[0m  [1m[36mbegin transaction[0m
  [1m[35mSQL (0.7ms)[0m  [1m[32mINSERT INTO "ar_internal_metadata" ("key", "value", "created_at", "updated_at") VALUES (?, ?, ?, ?)[0m  [["key", "environment"], ["value", "development"], ["created_at", "2019-07-30 20:35:55.764279"], ["updated_at", "2019-07-30 20:35:55.764279"]]
  [1m[35m (4.8ms)[0m  [1m[36mcommit transaction[0m
  [1m[36mActiveRecord::SchemaMigration Load (0.1ms)[0m  [1m[34mSELECT "schema_migrations".* FROM "schema_migrations"[0m
Started GET "/" for ::1 at 2019-07-30 10:36:38 -1000
DEPRECATION WARNING: ActiveRecord::Base.raise_in_transactional_callbacks= is deprecated, has no effect and will be removed without replacement. (called from block (3 levels) in <class:Railtie> at C:/Ruby25-x64/lib/ruby/gems/2.5.0/gems/activerecord-5.0.7.2/lib/active_record/railtie.rb:113)
Processing by StaticPagesController#index as HTML
  Rendering static_pages/index.html.erb within layouts/application
  Rendered shared/_main_nav.html.erb (0.2ms)
  Rendered shared/_masthead.html.erb (0.2ms)
  Rendered shared/_sections_nav.html.erb (0.2ms)
  Rendered shared/_search_modal.html.erb (0.2ms)
  Rendered shared/_main_content.html.erb (0.2ms)
  Rendered static_pages/index.html.erb within layouts/application (134.3ms)
Completed 200 OK in 1109ms (Views: 1080.0ms | ActiveRecord: 0.0ms)


Started GET "/assets/application.self-5b8e4f464f3a3793a08be470c362e65be7809cf882116831a7e7ed7c5b0c1a44.css?body=1" for ::1 at 2019-07-30 10:36:41 -1000
Started GET "/assets/jquery.self-bd7ddd393353a8d2480a622e80342adf488fb6006d667e8b42e4c0073393abee.js?body=1" for ::1 at 2019-07-30 10:36:41 -1000
Started GET "/assets/jquery_ujs.self-784a997f6726036b1993eb2217c9cb558e1cbb801c6da88105588c56f13b466a.js?body=1" for ::1 at 2019-07-30 10:36:41 -1000
Started GET "/assets/components/modal.self-52188644dbb47def5ee35ae02e69eb567ca9b664472357a8a5789dd39032a265.js?body=1" for ::1 at 2019-07-30 10:36:41 -1000
Started GET "/assets/components/dropdown.self-815016af6fab1d5b72abd319213bf62f0c42bab2c585d2e059543ae704a0d74c.js?body=1" for ::1 at 2019-07-30 10:36:41 -1000
Started GET "/assets/components/sidebar.self-2a1277f850a6fa21e1a974ef5152f177ac05516477d5081d593bb137b3d6808b.js?body=1" for ::1 at 2019-07-30 10:36:41 -1000
Started GET "/assets/application.self-f571b9db02bf4ed04c38a6a29072ac382f7d4f47db1fab9817aeadb0d8665235.js?body=1" for ::1 at 2019-07-30 10:36:41 -1000
Started GET "/" for ::1 at 2019-07-30 10:53:41 -1000
Processing by StaticPagesController#index as HTML
  Rendering static_pages/index.html.erb within layouts/application
  Rendered shared/_main_nav.html.erb (0.2ms)
  Rendered shared/_masthead.html.erb (0.2ms)
  Rendered shared/_sections_nav.html.erb (0.2ms)
  Rendered shared/_search_modal.html.erb (0.3ms)
  Rendered shared/_main_content.html.erb (0.2ms)
  Rendered static_pages/index.html.erb within layouts/application (125.7ms)
Completed 200 OK in 403ms (Views: 378.4ms | ActiveRecord: 0.0ms)


Started GET "/assets/application.self-02df41dc46f28a9db612def363274821b3d9b308fe010a51abc2abe643d8029a.css?body=1" for ::1 at 2019-07-30 10:53:43 -1000
Started GET "/" for ::1 at 2019-07-30 11:01:44 -1000
Processing by StaticPagesController#index as HTML
  Rendering static_pages/index.html.erb within layouts/application
  Rendered shared/_main_nav.html.erb (0.2ms)
  Rendered shared/_masthead.html.erb (0.2ms)
  Rendered shared/_sections_nav.html.erb (0.2ms)
  Rendered shared/_search_modal.html.erb (0.2ms)
  Rendered shared/_main_content.html.erb (0.2ms)
  Rendered static_pages/index.html.erb within layouts/application (121.9ms)
Completed 200 OK in 381ms (Views: 357.0ms | ActiveRecord: 0.0ms)


Started GET "/assets/application.self-aca4d1ce99de86426c7e151a3298039641996f67adcc709271a11e2361bd58b8.css?body=1" for ::1 at 2019-07-30 11:01:46 -1000
Started GET "/" for ::1 at 2019-07-30 11:13:03 -1000
Processing by StaticPagesController#index as HTML
  Rendering static_pages/index.html.erb within layouts/application
  Rendered shared/_main_nav.html.erb (0.2ms)
  Rendered shared/_masthead.html.erb (0.2ms)
  Rendered shared/_sections_nav.html.erb (0.2ms)
  Rendered shared/_search_modal.html.erb (0.3ms)
  Rendered shared/_main_content.html.erb (0.2ms)
  Rendered static_pages/index.html.erb within layouts/application (124.6ms)
Completed 200 OK in 383ms (Views: 359.4ms | ActiveRecord: 0.0ms)


Started GET "/" for ::1 at 2019-07-30 11:13:05 -1000
Processing by StaticPagesController#index as HTML
  Rendering static_pages/index.html.erb within layouts/application
  Rendered shared/_main_nav.html.erb (0.2ms)
  Rendered shared/_masthead.html.erb (0.2ms)
  Rendered shared/_sections_nav.html.erb (0.2ms)
  Rendered shared/_search_modal.html.erb (0.3ms)
  Rendered shared/_main_content.html.erb (0.2ms)
  Rendered static_pages/index.html.erb within layouts/application (127.8ms)
Completed 200 OK in 254ms (Views: 228.6ms | ActiveRecord: 0.0ms)


Started GET "/assets/application.self-be85ce962968782fa1a637262d8abe538d69e664da14aeac9139bd0fe8899ea6.css?body=1" for ::1 at 2019-07-30 11:13:07 -1000
Started GET "/" for ::1 at 2019-07-30 11:17:24 -1000
Processing by StaticPagesController#index as HTML
  Rendering static_pages/index.html.erb within layouts/application
  Rendered shared/_main_nav.html.erb (0.2ms)
  Rendered shared/_masthead.html.erb (0.2ms)
  Rendered shared/_sections_nav.html.erb (0.2ms)
  Rendered shared/_search_modal.html.erb (0.2ms)
  Rendered shared/_main_content.html.erb (0.2ms)
  Rendered static_pages/index.html.erb within layouts/application (121.3ms)
Completed 500 Internal Server Error in 279ms (ActiveRecord: 0.0ms)



Sass::SyntaxError - Invalid CSS after "  list-style:": expected expression (e.g. 1px, bold), was "}":
  app/views/layouts/application.html.erb:7:in `_app_views_layouts_application_html_erb__965980388_85815240'

Started POST "/__better_errors/9ec9e4b10b4aee75/variables" for ::1 at 2019-07-30 11:17:27 -1000
Started GET "/" for ::1 at 2019-07-30 11:17:35 -1000
Processing by StaticPagesController#index as HTML
  Rendering static_pages/index.html.erb within layouts/application
  Rendered shared/_main_nav.html.erb (0.2ms)
  Rendered shared/_masthead.html.erb (0.2ms)
  Rendered shared/_sections_nav.html.erb (0.2ms)
  Rendered shared/_search_modal.html.erb (0.2ms)
  Rendered shared/_main_content.html.erb (0.2ms)
  Rendered static_pages/index.html.erb within layouts/application (122.1ms)
Completed 200 OK in 258ms (Views: 234.4ms | ActiveRecord: 0.0ms)


Started GET "/" for ::1 at 2019-07-30 11:18:37 -1000
Processing by StaticPagesController#index as HTML
  Rendering static_pages/index.html.erb within layouts/application
  Rendered shared/_main_nav.html.erb (0.2ms)
  Rendered shared/_masthead.html.erb (0.2ms)
  Rendered shared/_sections_nav.html.erb (0.4ms)
  Rendered shared/_search_modal.html.erb (0.2ms)
  Rendered shared/_main_content.html.erb (0.2ms)
  Rendered static_pages/index.html.erb within layouts/application (120.0ms)
Completed 200 OK in 393ms (Views: 369.7ms | ActiveRecord: 0.0ms)


Started GET "/assets/application.self-75ae7854490b9ed1cee60e4383c2ddbbb198e9e50adbe0147bde65a44b22d39a.css?body=1" for ::1 at 2019-07-30 11:18:40 -1000
Started GET "/" for ::1 at 2019-07-30 11:20:30 -1000
Processing by StaticPagesController#index as HTML
  Rendering static_pages/index.html.erb within layouts/application
  Rendered shared/_main_nav.html.erb (0.2ms)
  Rendered shared/_masthead.html.erb (0.2ms)
  Rendered shared/_sections_nav.html.erb (0.2ms)
  Rendered shared/_search_modal.html.erb (0.2ms)
  Rendered shared/_main_content.html.erb (0.2ms)
  Rendered static_pages/index.html.erb within layouts/application (127.7ms)
Completed 200 OK in 416ms (Views: 392.2ms | ActiveRecord: 0.0ms)


Started GET "/assets/application.self-728e4357443991e746daff82186be60ca43c555b034e9aab8e972bb302a6e79e.css?body=1" for ::1 at 2019-07-30 11:20:33 -1000
Started GET "/" for ::1 at 2019-07-30 11:23:38 -1000
Processing by StaticPagesController#index as HTML
  Rendering static_pages/index.html.erb within layouts/application
  Rendered shared/_main_nav.html.erb (0.2ms)
  Rendered shared/_masthead.html.erb (0.2ms)
  Rendered shared/_sections_nav.html.erb (0.2ms)
  Rendered shared/_search_modal.html.erb (0.2ms)
  Rendered shared/_main_content.html.erb (0.2ms)
  Rendered static_pages/index.html.erb within layouts/application (126.0ms)
Completed 500 Internal Server Error in 280ms (ActiveRecord: 0.0ms)



Sass::SyntaxError - Invalid CSS after "  width": expected ";", was ": 100%;":
  app/views/layouts/application.html.erb:7:in `_app_views_layouts_application_html_erb__965980388_93351140'

Started POST "/__better_errors/15e4fcd3f8866fbe/variables" for ::1 at 2019-07-30 11:23:41 -1000
Started GET "/" for ::1 at 2019-07-30 11:23:52 -1000
Processing by StaticPagesController#index as HTML
  Rendering static_pages/index.html.erb within layouts/application
  Rendered shared/_main_nav.html.erb (0.2ms)
  Rendered shared/_masthead.html.erb (0.2ms)
  Rendered shared/_sections_nav.html.erb (0.2ms)
  Rendered shared/_search_modal.html.erb (0.2ms)
  Rendered shared/_main_content.html.erb (0.2ms)
  Rendered static_pages/index.html.erb within layouts/application (130.7ms)
Completed 200 OK in 392ms (Views: 368.6ms | ActiveRecord: 0.0ms)


Started GET "/assets/application.self-1b1534094f17e26a784a16ced8a10f0db463e44479d1fbe72d9dac826854bcdf.css?body=1" for ::1 at 2019-07-30 11:23:54 -1000
Started GET "/" for ::1 at 2019-07-30 11:24:59 -1000
Processing by StaticPagesController#index as HTML
  Rendering static_pages/index.html.erb within layouts/application
  Rendered shared/_main_nav.html.erb (0.2ms)
  Rendered shared/_masthead.html.erb (0.2ms)
  Rendered shared/_sections_nav.html.erb (0.2ms)
  Rendered shared/_search_modal.html.erb (0.2ms)
  Rendered shared/_main_content.html.erb (0.2ms)
  Rendered static_pages/index.html.erb within layouts/application (124.8ms)
Completed 200 OK in 399ms (Views: 375.4ms | ActiveRecord: 0.0ms)


Started GET "/assets/application.self-3edc52433a2b9a06fa0bf0b202fd6732049dddcec6bf690a7276bc825e648451.css?body=1" for ::1 at 2019-07-30 11:25:01 -1000
Started GET "/" for ::1 at 2019-07-30 11:31:49 -1000
Processing by StaticPagesController#index as HTML
  Rendering static_pages/index.html.erb within layouts/application
  Rendered shared/_main_nav.html.erb (0.2ms)
  Rendered shared/_masthead.html.erb (0.2ms)
  Rendered shared/_sections_nav.html.erb (0.2ms)
  Rendered shared/_search_modal.html.erb (0.2ms)
  Rendered shared/_main_content.html.erb (0.2ms)
  Rendered static_pages/index.html.erb within layouts/application (120.4ms)
Completed 200 OK in 378ms (Views: 353.9ms | ActiveRecord: 0.0ms)


Started GET "/assets/application.self-64bd604e7af21dda7602021745cdff464608cdb40f3a39a5d6d2718282c9f9a4.css?body=1" for ::1 at 2019-07-30 11:31:52 -1000
Started GET "/" for ::1 at 2019-07-30 11:48:07 -1000
Processing by StaticPagesController#index as HTML
  Rendering static_pages/index.html.erb within layouts/application
  Rendered shared/_main_nav.html.erb (0.2ms)
  Rendered shared/_masthead.html.erb (0.2ms)
  Rendered shared/_sections_nav.html.erb (0.2ms)
  Rendered shared/_search_modal.html.erb (0.2ms)
  Rendered shared/_main_content.html.erb (0.2ms)
  Rendered static_pages/index.html.erb within layouts/application (126.8ms)
Completed 200 OK in 255ms (Views: 230.9ms | ActiveRecord: 0.0ms)


Started GET "/" for ::1 at 2019-07-30 12:42:43 -1000
Processing by StaticPagesController#index as HTML
  Rendering static_pages/index.html.erb within layouts/application
  Rendered shared/_main_nav.html.erb (0.6ms)
  Rendered shared/_masthead.html.erb (0.7ms)
  Rendered shared/_sections_nav.html.erb (0.4ms)
  Rendered shared/_search_modal.html.erb (0.3ms)
  Rendered shared/_main_content.html.erb (0.3ms)
  Rendered static_pages/index.html.erb within layouts/application (132.7ms)
Completed 500 Internal Server Error in 373ms (ActiveRecord: 0.0ms)



Sass::SyntaxError - Invalid CSS after "	text-transform": expected ";", was ": uppercase;":
  app/views/layouts/application.html.erb:7:in `_app_views_layouts_application_html_erb__965980388_74183900'

Started POST "/__better_errors/a45f62eadca65c4a/variables" for ::1 at 2019-07-30 12:42:45 -1000
Started GET "/" for ::1 at 2019-07-30 12:43:32 -1000
Processing by StaticPagesController#index as HTML
  Rendering static_pages/index.html.erb within layouts/application
  Rendered shared/_main_nav.html.erb (0.3ms)
  Rendered shared/_masthead.html.erb (0.2ms)
  Rendered shared/_sections_nav.html.erb (0.2ms)
  Rendered shared/_search_modal.html.erb (0.2ms)
  Rendered shared/_main_content.html.erb (0.2ms)
  Rendered static_pages/index.html.erb within layouts/application (121.3ms)
Completed 200 OK in 470ms (Views: 445.2ms | ActiveRecord: 0.0ms)


Started GET "/assets/application.self-90c69bc398104b5a8b64e073313daff502affb17e282728e74a42d01ee03c797.css?body=1" for ::1 at 2019-07-30 12:43:35 -1000
Started GET "/" for ::1 at 2019-07-30 12:44:35 -1000
Processing by StaticPagesController#index as HTML
  Rendering static_pages/index.html.erb within layouts/application
  Rendered shared/_main_nav.html.erb (0.2ms)
  Rendered shared/_masthead.html.erb (0.2ms)
  Rendered shared/_sections_nav.html.erb (0.2ms)
  Rendered shared/_search_modal.html.erb (0.2ms)
  Rendered shared/_main_content.html.erb (0.3ms)
  Rendered static_pages/index.html.erb within layouts/application (138.3ms)
Completed 200 OK in 260ms (Views: 236.5ms | ActiveRecord: 0.0ms)


Started GET "/" for ::1 at 2019-07-30 12:46:29 -1000
Processing by StaticPagesController#index as HTML
  Rendering static_pages/index.html.erb within layouts/application
  Rendered shared/_main_nav.html.erb (0.2ms)
  Rendered shared/_masthead.html.erb (0.2ms)
  Rendered shared/_sections_nav.html.erb (0.2ms)
  Rendered shared/_search_modal.html.erb (0.2ms)
  Rendered shared/_main_content.html.erb (0.2ms)
  Rendered static_pages/index.html.erb within layouts/application (121.9ms)
Completed 200 OK in 398ms (Views: 374.0ms | ActiveRecord: 0.0ms)


Started GET "/assets/application.self-226bd40aaa1cd27cae0a7b488555398ed9b40b736379afcde6547f8de5120d87.css?body=1" for ::1 at 2019-07-30 12:46:31 -1000
Started GET "/" for ::1 at 2019-07-30 12:48:46 -1000
Processing by StaticPagesController#index as HTML
  Rendering static_pages/index.html.erb within layouts/application
  Rendered shared/_main_nav.html.erb (0.2ms)
  Rendered shared/_masthead.html.erb (0.2ms)
  Rendered shared/_sections_nav.html.erb (0.2ms)
  Rendered shared/_search_modal.html.erb (0.2ms)
  Rendered shared/_main_content.html.erb (0.2ms)
  Rendered static_pages/index.html.erb within layouts/application (124.2ms)
Completed 200 OK in 381ms (Views: 356.5ms | ActiveRecord: 0.0ms)


Started GET "/assets/application.self-bdc13387f0c94a6a04deba7da777765efa14459c5bf1251eafdeba36bcd6b910.css?body=1" for ::1 at 2019-07-30 12:48:49 -1000
Started GET "/" for ::1 at 2019-07-30 12:50:08 -1000
Processing by StaticPagesController#index as HTML
  Rendering static_pages/index.html.erb within layouts/application
  Rendered shared/_main_nav.html.erb (0.3ms)
  Rendered shared/_masthead.html.erb (0.2ms)
  Rendered shared/_sections_nav.html.erb (0.2ms)
  Rendered shared/_search_modal.html.erb (0.3ms)
  Rendered shared/_main_content.html.erb (0.2ms)
  Rendered static_pages/index.html.erb within layouts/application (123.8ms)
Completed 200 OK in 391ms (Views: 367.7ms | ActiveRecord: 0.0ms)


Started GET "/assets/application.self-220d0afd8e41ed3cc94c05e0c8d18b6b374d11c9f736165880ecad621d600d97.css?body=1" for ::1 at 2019-07-30 12:50:11 -1000
Started GET "/" for ::1 at 2019-07-30 12:50:48 -1000
Processing by StaticPagesController#index as HTML
  Rendering static_pages/index.html.erb within layouts/application
  Rendered shared/_main_nav.html.erb (0.2ms)
  Rendered shared/_masthead.html.erb (0.2ms)
  Rendered shared/_sections_nav.html.erb (0.2ms)
  Rendered shared/_search_modal.html.erb (0.2ms)
  Rendered shared/_main_content.html.erb (0.2ms)
  Rendered static_pages/index.html.erb within layouts/application (121.7ms)
Completed 200 OK in 387ms (Views: 363.3ms | ActiveRecord: 0.0ms)


Started GET "/" for ::1 at 2019-07-30 12:51:26 -1000
Processing by StaticPagesController#index as HTML
  Rendering static_pages/index.html.erb within layouts/application
  Rendered shared/_main_nav.html.erb (0.2ms)
  Rendered shared/_masthead.html.erb (0.2ms)
  Rendered shared/_sections_nav.html.erb (0.2ms)
  Rendered shared/_search_modal.html.erb (0.2ms)
  Rendered shared/_main_content.html.erb (0.2ms)
  Rendered static_pages/index.html.erb within layouts/application (119.9ms)
Completed 200 OK in 379ms (Views: 354.9ms | ActiveRecord: 0.0ms)


Started GET "/assets/application.self-649c0e016055c0cb9933726e71a8a8db42bf899ba0caf52acd4bc0311f6b2b98.css?body=1" for ::1 at 2019-07-30 12:51:29 -1000
Started GET "/" for ::1 at 2019-07-30 12:51:44 -1000
Processing by StaticPagesController#index as HTML
  Rendering static_pages/index.html.erb within layouts/application
  Rendered shared/_main_nav.html.erb (0.2ms)
  Rendered shared/_masthead.html.erb (0.2ms)
  Rendered shared/_sections_nav.html.erb (0.2ms)
  Rendered shared/_search_modal.html.erb (0.2ms)
  Rendered shared/_main_content.html.erb (0.2ms)
  Rendered static_pages/index.html.erb within layouts/application (124.2ms)
Completed 200 OK in 386ms (Views: 362.6ms | ActiveRecord: 0.0ms)


Started GET "/assets/application.self-b03fc42456c03bc320f50ff61f6317de6d76078466f7f1c6e97be8a3bb59fc4c.css?body=1" for ::1 at 2019-07-30 12:51:47 -1000
Started GET "/" for ::1 at 2019-07-30 12:52:10 -1000
Processing by StaticPagesController#index as HTML
  Rendering static_pages/index.html.erb within layouts/application
  Rendered shared/_main_nav.html.erb (0.2ms)
  Rendered shared/_masthead.html.erb (0.2ms)
  Rendered shared/_sections_nav.html.erb (0.2ms)
  Rendered shared/_search_modal.html.erb (0.2ms)
  Rendered shared/_main_content.html.erb (0.2ms)
  Rendered static_pages/index.html.erb within layouts/application (119.3ms)
Completed 200 OK in 374ms (Views: 350.4ms | ActiveRecord: 0.0ms)


Started GET "/assets/application.self-33ee32237b976ee3980c47210254a16d0d5fce92f49cf028eb9f6cd188284297.css?body=1" for ::1 at 2019-07-30 12:52:12 -1000
Started GET "/" for ::1 at 2019-07-30 12:52:32 -1000
Processing by StaticPagesController#index as HTML
  Rendering static_pages/index.html.erb within layouts/application
  Rendered shared/_main_nav.html.erb (0.2ms)
  Rendered shared/_masthead.html.erb (0.2ms)
  Rendered shared/_sections_nav.html.erb (0.2ms)
  Rendered shared/_search_modal.html.erb (0.2ms)
  Rendered shared/_main_content.html.erb (0.2ms)
  Rendered static_pages/index.html.erb within layouts/application (126.1ms)
Completed 200 OK in 399ms (Views: 374.5ms | ActiveRecord: 0.0ms)


Started GET "/assets/application.self-cda572cf82b83141cc4ff9f0591af682dd99448d4888633711f37c4f5ce2b0ff.css?body=1" for ::1 at 2019-07-30 12:52:34 -1000
Started GET "/" for ::1 at 2019-07-30 12:58:57 -1000
Processing by StaticPagesController#index as HTML
  Rendering static_pages/index.html.erb within layouts/application
  Rendered shared/_main_nav.html.erb (0.2ms)
  Rendered shared/_masthead.html.erb (0.2ms)
  Rendered shared/_sections_nav.html.erb (0.2ms)
  Rendered shared/_search_modal.html.erb (0.2ms)
  Rendered shared/_main_content.html.erb (0.2ms)
  Rendered static_pages/index.html.erb within layouts/application (121.2ms)
Completed 200 OK in 393ms (Views: 369.3ms | ActiveRecord: 0.0ms)


Started GET "/assets/application.self-81eddf6aa35431ba98f2806d7dbec6b4cefcc46909c19ecc183c81ad92aae205.css?body=1" for ::1 at 2019-07-30 12:59:00 -1000
Started GET "/" for ::1 at 2019-07-30 13:01:29 -1000
Processing by StaticPagesController#index as HTML
  Rendering static_pages/index.html.erb within layouts/application
  Rendered shared/_main_nav.html.erb (0.2ms)
  Rendered shared/_masthead.html.erb (0.2ms)
  Rendered shared/_sections_nav.html.erb (0.2ms)
  Rendered shared/_search_modal.html.erb (0.2ms)
  Rendered shared/_main_content.html.erb (0.2ms)
  Rendered static_pages/index.html.erb within layouts/application (121.3ms)
Completed 200 OK in 240ms (Views: 216.2ms | ActiveRecord: 0.0ms)


Started GET "/" for ::1 at 2019-07-30 13:02:30 -1000
Processing by StaticPagesController#index as HTML
  Rendering static_pages/index.html.erb within layouts/application
  Rendered shared/_main_nav.html.erb (0.2ms)
  Rendered shared/_masthead.html.erb (0.2ms)
  Rendered shared/_sections_nav.html.erb (0.2ms)
  Rendered shared/_search_modal.html.erb (0.2ms)
  Rendered shared/_main_content.html.erb (0.2ms)
  Rendered static_pages/index.html.erb within layouts/application (120.9ms)
Completed 200 OK in 242ms (Views: 218.2ms | ActiveRecord: 0.0ms)


Started GET "/" for ::1 at 2019-07-30 13:08:01 -1000
Processing by StaticPagesController#index as HTML
  Rendering static_pages/index.html.erb within layouts/application
  Rendered shared/_main_nav.html.erb (0.2ms)
  Rendered shared/_masthead.html.erb (0.2ms)
  Rendered shared/_sections_nav.html.erb (0.2ms)
  Rendered shared/_search_modal.html.erb (0.2ms)
  Rendered shared/_main_content.html.erb (0.2ms)
  Rendered static_pages/index.html.erb within layouts/application (124.3ms)
Completed 500 Internal Server Error in 306ms (ActiveRecord: 0.0ms)



Sass::SyntaxError - Invalid CSS after "...ustify-content:": expected expression (e.g. 1px, bold), was "}":
  app/views/layouts/application.html.erb:7:in `_app_views_layouts_application_html_erb__965980388_80140140'

Started POST "/__better_errors/a02d5cddfa524768/variables" for ::1 at 2019-07-30 13:08:04 -1000
Started GET "/" for ::1 at 2019-07-30 13:08:31 -1000
Processing by StaticPagesController#index as HTML
  Rendering static_pages/index.html.erb within layouts/application
  Rendered shared/_main_nav.html.erb (0.2ms)
  Rendered shared/_masthead.html.erb (0.2ms)
  Rendered shared/_sections_nav.html.erb (0.2ms)
  Rendered shared/_search_modal.html.erb (0.2ms)
  Rendered shared/_main_content.html.erb (0.2ms)
  Rendered static_pages/index.html.erb within layouts/application (119.8ms)
Completed 200 OK in 402ms (Views: 378.1ms | ActiveRecord: 0.0ms)


Started GET "/assets/application.self-ecab8443de8d10d0ce17beb2f057f39a1c38055339ca8feffa314cb9f64f1763.css?body=1" for ::1 at 2019-07-30 13:08:33 -1000
Started GET "/" for ::1 at 2019-07-30 13:10:28 -1000
Processing by StaticPagesController#index as HTML
  Rendering static_pages/index.html.erb within layouts/application
  Rendered shared/_main_nav.html.erb (0.2ms)
  Rendered shared/_masthead.html.erb (0.2ms)
  Rendered shared/_sections_nav.html.erb (0.2ms)
  Rendered shared/_search_modal.html.erb (0.2ms)
  Rendered shared/_main_content.html.erb (0.2ms)
  Rendered static_pages/index.html.erb within layouts/application (134.6ms)
Completed 200 OK in 396ms (Views: 372.3ms | ActiveRecord: 0.0ms)


Started GET "/assets/application.self-4be509dadfcfe3b07b5221f104291c149ec2638111a1a3fe1b4f1da436361de8.css?body=1" for ::1 at 2019-07-30 13:10:30 -1000
Started GET "/" for ::1 at 2019-07-30 13:13:19 -1000
Processing by StaticPagesController#index as HTML
  Rendering static_pages/index.html.erb within layouts/application
  Rendered shared/_main_nav.html.erb (0.2ms)
  Rendered shared/_masthead.html.erb (0.2ms)
  Rendered shared/_sections_nav.html.erb (0.2ms)
  Rendered shared/_search_modal.html.erb (0.2ms)
  Rendered shared/_main_content.html.erb (0.2ms)
  Rendered static_pages/index.html.erb within layouts/application (120.2ms)
Completed 200 OK in 394ms (Views: 366.8ms | ActiveRecord: 0.0ms)


Started GET "/assets/application.self-7b897693e887a49e83e0dacc6aa64a133166f767210e087c4841aaedeafc5101.css?body=1" for ::1 at 2019-07-30 13:13:21 -1000
Started GET "/" for ::1 at 2019-07-30 13:16:38 -1000
Processing by StaticPagesController#index as HTML
  Rendering static_pages/index.html.erb within layouts/application
  Rendered shared/_main_nav.html.erb (0.2ms)
  Rendered shared/_masthead.html.erb (0.2ms)
  Rendered shared/_sections_nav.html.erb (0.2ms)
  Rendered shared/_search_modal.html.erb (0.2ms)
  Rendered shared/_main_content.html.erb (0.2ms)
  Rendered static_pages/index.html.erb within layouts/application (121.0ms)
Completed 200 OK in 243ms (Views: 218.3ms | ActiveRecord: 0.0ms)


Started GET "/" for ::1 at 2019-07-30 13:17:55 -1000
Processing by StaticPagesController#index as HTML
  Rendering static_pages/index.html.erb within layouts/application
  Rendered shared/_main_nav.html.erb (0.2ms)
  Rendered shared/_masthead.html.erb (0.2ms)
  Rendered shared/_sections_nav.html.erb (0.2ms)
  Rendered shared/_search_modal.html.erb (0.2ms)
  Rendered shared/_main_content.html.erb (0.2ms)
  Rendered static_pages/index.html.erb within layouts/application (122.2ms)
Completed 200 OK in 378ms (Views: 353.6ms | ActiveRecord: 0.0ms)


Started GET "/assets/application.self-d20324b5d113ad838c2526004eb709b3a0d1c4edac1f34c34122bc146444fffd.css?body=1" for ::1 at 2019-07-30 13:17:58 -1000
Started GET "/" for ::1 at 2019-07-30 13:22:26 -1000
Processing by StaticPagesController#index as HTML
  Rendering static_pages/index.html.erb within layouts/application
  Rendered shared/_main_nav.html.erb (0.2ms)
  Rendered shared/_masthead.html.erb (0.2ms)
  Rendered shared/_sections_nav.html.erb (0.2ms)
  Rendered shared/_search_modal.html.erb (0.2ms)
  Rendered shared/_main_content.html.erb (0.2ms)
  Rendered static_pages/index.html.erb within layouts/application (131.1ms)
Completed 200 OK in 391ms (Views: 366.8ms | ActiveRecord: 0.0ms)


Started GET "/assets/application.self-9a2da3c3ed7685c8d61f6d9500c853ae2dac55d4a5739793cd2a41227c8e808b.css?body=1" for ::1 at 2019-07-30 13:22:28 -1000
Started GET "/" for ::1 at 2019-07-30 13:23:04 -1000
Processing by StaticPagesController#index as HTML
  Rendering static_pages/index.html.erb within layouts/application
  Rendered shared/_main_nav.html.erb (0.2ms)
  Rendered shared/_masthead.html.erb (0.2ms)
  Rendered shared/_sections_nav.html.erb (0.2ms)
  Rendered shared/_search_modal.html.erb (0.2ms)
  Rendered shared/_main_content.html.erb (0.2ms)
  Rendered static_pages/index.html.erb within layouts/application (121.0ms)
Completed 200 OK in 380ms (Views: 356.0ms | ActiveRecord: 0.0ms)


Started GET "/assets/application.self-598d4737a4a96b68142566355616a89111a5a918c6ad405494c2e060b5933b2c.css?body=1" for ::1 at 2019-07-30 13:23:06 -1000
Started GET "/" for ::1 at 2019-07-30 13:23:45 -1000
Processing by StaticPagesController#index as HTML
  Rendering static_pages/index.html.erb within layouts/application
  Rendered shared/_main_nav.html.erb (0.2ms)
  Rendered shared/_masthead.html.erb (0.2ms)
  Rendered shared/_sections_nav.html.erb (0.2ms)
  Rendered shared/_search_modal.html.erb (0.3ms)
  Rendered shared/_main_content.html.erb (0.2ms)
  Rendered static_pages/index.html.erb within layouts/application (128.3ms)
Completed 200 OK in 407ms (Views: 383.2ms | ActiveRecord: 0.0ms)


Started GET "/assets/application.self-84f3ce594191fde273177e73c4afa05da275b4dc193d92675c859b8e31881b72.css?body=1" for ::1 at 2019-07-30 13:23:47 -1000
Started GET "/" for ::1 at 2019-07-30 13:25:01 -1000
Processing by StaticPagesController#index as HTML
  Rendering static_pages/index.html.erb within layouts/application
  Rendered shared/_main_nav.html.erb (0.2ms)
  Rendered shared/_masthead.html.erb (0.2ms)
  Rendered shared/_sections_nav.html.erb (0.2ms)
  Rendered shared/_search_modal.html.erb (0.2ms)
  Rendered shared/_main_content.html.erb (0.2ms)
  Rendered static_pages/index.html.erb within layouts/application (122.5ms)
Completed 200 OK in 379ms (Views: 355.2ms | ActiveRecord: 0.0ms)


Started GET "/assets/application.self-67f6423da1d159f69bb15ca7626c6d3edaeb416fd194e387a4ba4e56a6305ca0.css?body=1" for ::1 at 2019-07-30 13:25:03 -1000
Started GET "/" for ::1 at 2019-07-30 13:25:23 -1000
Processing by StaticPagesController#index as HTML
  Rendering static_pages/index.html.erb within layouts/application
  Rendered shared/_main_nav.html.erb (0.2ms)
  Rendered shared/_masthead.html.erb (0.2ms)
  Rendered shared/_sections_nav.html.erb (0.2ms)
  Rendered shared/_search_modal.html.erb (0.2ms)
  Rendered shared/_main_content.html.erb (0.2ms)
  Rendered static_pages/index.html.erb within layouts/application (120.4ms)
Completed 200 OK in 397ms (Views: 373.4ms | ActiveRecord: 0.0ms)


Started GET "/assets/application.self-cc2dcfe71a1fbcc4c12c999cd22f86a4fd7a3d9de9337d32452451819e4b01b0.css?body=1" for ::1 at 2019-07-30 13:25:26 -1000
Started GET "/" for ::1 at 2019-07-30 13:26:00 -1000
Processing by StaticPagesController#index as HTML
  Rendering static_pages/index.html.erb within layouts/application
  Rendered shared/_main_nav.html.erb (0.2ms)
  Rendered shared/_masthead.html.erb (0.2ms)
  Rendered shared/_sections_nav.html.erb (0.2ms)
  Rendered shared/_search_modal.html.erb (0.2ms)
  Rendered shared/_main_content.html.erb (0.2ms)
  Rendered static_pages/index.html.erb within layouts/application (121.2ms)
Completed 200 OK in 388ms (Views: 364.2ms | ActiveRecord: 0.0ms)


Started GET "/assets/application.self-aaeade9ba7e4a47f2f713d9e34a067bc3f12b46e433584646be1cc8023b0d2f7.css?body=1" for ::1 at 2019-07-30 13:26:02 -1000
Started GET "/" for ::1 at 2019-07-30 13:26:16 -1000
Processing by StaticPagesController#index as HTML
  Rendering static_pages/index.html.erb within layouts/application
  Rendered shared/_main_nav.html.erb (0.2ms)
  Rendered shared/_masthead.html.erb (0.2ms)
  Rendered shared/_sections_nav.html.erb (0.2ms)
  Rendered shared/_search_modal.html.erb (0.2ms)
  Rendered shared/_main_content.html.erb (0.2ms)
  Rendered static_pages/index.html.erb within layouts/application (131.4ms)
Completed 200 OK in 404ms (Views: 378.8ms | ActiveRecord: 0.0ms)


Started GET "/assets/application.self-7eb2bd1020bec452bbf45a2063047fa7fa61e229092448dc211fdb802693ad95.css?body=1" for ::1 at 2019-07-30 13:26:19 -1000
Started GET "/" for ::1 at 2019-07-30 13:26:48 -1000
Processing by StaticPagesController#index as HTML
  Rendering static_pages/index.html.erb within layouts/application
  Rendered shared/_main_nav.html.erb (0.2ms)
  Rendered shared/_masthead.html.erb (0.2ms)
  Rendered shared/_sections_nav.html.erb (0.2ms)
  Rendered shared/_search_modal.html.erb (0.2ms)
  Rendered shared/_main_content.html.erb (0.2ms)
  Rendered static_pages/index.html.erb within layouts/application (118.9ms)
Completed 200 OK in 392ms (Views: 368.7ms | ActiveRecord: 0.0ms)


Started GET "/assets/application.self-e101514d40384a8ba33773ead3fb82117b1d88f0f9a195f72d2a48b119b206d6.css?body=1" for ::1 at 2019-07-30 13:26:51 -1000
Started GET "/" for ::1 at 2019-07-30 13:28:26 -1000
Processing by StaticPagesController#index as HTML
  Rendering static_pages/index.html.erb within layouts/application
  Rendered shared/_main_nav.html.erb (0.3ms)
  Rendered shared/_masthead.html.erb (0.2ms)
  Rendered shared/_sections_nav.html.erb (0.2ms)
  Rendered shared/_search_modal.html.erb (0.2ms)
  Rendered shared/_main_content.html.erb (0.2ms)
  Rendered static_pages/index.html.erb within layouts/application (120.3ms)
Completed 200 OK in 243ms (Views: 217.6ms | ActiveRecord: 0.0ms)


Started GET "/" for ::1 at 2019-07-30 13:29:01 -1000
Processing by StaticPagesController#index as HTML
  Rendering static_pages/index.html.erb within layouts/application
  Rendered shared/_main_nav.html.erb (0.2ms)
  Rendered shared/_masthead.html.erb (0.2ms)
  Rendered shared/_sections_nav.html.erb (0.2ms)
  Rendered shared/_search_modal.html.erb (0.2ms)
  Rendered shared/_main_content.html.erb (0.2ms)
  Rendered static_pages/index.html.erb within layouts/application (123.5ms)
Completed 200 OK in 391ms (Views: 367.8ms | ActiveRecord: 0.0ms)


Started GET "/assets/application.self-d4937a0f913581a1fac04f4b764a9330a6ff470e0ac4de6232e2610b264a8a48.css?body=1" for ::1 at 2019-07-30 13:29:03 -1000
Started GET "/" for ::1 at 2019-07-30 13:29:13 -1000
Processing by StaticPagesController#index as HTML
  Rendering static_pages/index.html.erb within layouts/application
  Rendered shared/_main_nav.html.erb (0.2ms)
  Rendered shared/_masthead.html.erb (0.2ms)
  Rendered shared/_sections_nav.html.erb (0.2ms)
  Rendered shared/_search_modal.html.erb (0.2ms)
  Rendered shared/_main_content.html.erb (0.2ms)
  Rendered static_pages/index.html.erb within layouts/application (121.0ms)
Completed 200 OK in 381ms (Views: 356.3ms | ActiveRecord: 0.0ms)


Started GET "/assets/application.self-c0988170d402e8d8a8043c785d34c6a4835003dda35a3a0f181b26225d85966e.css?body=1" for ::1 at 2019-07-30 13:29:16 -1000
Started GET "/" for ::1 at 2019-07-30 13:29:33 -1000
Processing by StaticPagesController#index as HTML
  Rendering static_pages/index.html.erb within layouts/application
  Rendered shared/_main_nav.html.erb (0.2ms)
  Rendered shared/_masthead.html.erb (0.2ms)
  Rendered shared/_sections_nav.html.erb (0.2ms)
  Rendered shared/_search_modal.html.erb (0.2ms)
  Rendered shared/_main_content.html.erb (0.2ms)
  Rendered static_pages/index.html.erb within layouts/application (119.9ms)
Completed 500 Internal Server Error in 305ms (ActiveRecord: 0.0ms)



Sass::SyntaxError - Invalid CSS after "    font-family": expected ";", was ": inherit;":
  app/views/layouts/application.html.erb:7:in `_app_views_layouts_application_html_erb__965980388_90704640'

Started POST "/__better_errors/40879c53fe9b93e9/variables" for ::1 at 2019-07-30 13:29:36 -1000
Started GET "/" for ::1 at 2019-07-30 13:29:43 -1000
Processing by StaticPagesController#index as HTML
  Rendering static_pages/index.html.erb within layouts/application
  Rendered shared/_main_nav.html.erb (0.2ms)
  Rendered shared/_masthead.html.erb (0.2ms)
  Rendered shared/_sections_nav.html.erb (0.2ms)
  Rendered shared/_search_modal.html.erb (0.2ms)
  Rendered shared/_main_content.html.erb (0.3ms)
  Rendered static_pages/index.html.erb within layouts/application (129.6ms)
Completed 200 OK in 445ms (Views: 421.0ms | ActiveRecord: 0.0ms)


Started GET "/assets/application.self-2c715da08c89eaaf649a16273e92ca82c3bc6f2cbd8c4ed011c34c302ff01534.css?body=1" for ::1 at 2019-07-30 13:29:46 -1000
Started GET "/" for ::1 at 2019-07-30 13:31:26 -1000
Processing by StaticPagesController#index as HTML
  Rendering static_pages/index.html.erb within layouts/application
  Rendered shared/_main_nav.html.erb (0.2ms)
  Rendered shared/_masthead.html.erb (0.5ms)
  Rendered shared/_sections_nav.html.erb (0.2ms)
  Rendered shared/_search_modal.html.erb (0.2ms)
  Rendered shared/_main_content.html.erb (0.2ms)
  Rendered static_pages/index.html.erb within layouts/application (123.7ms)
Completed 200 OK in 406ms (Views: 379.8ms | ActiveRecord: 0.0ms)


Started GET "/assets/application.self-4897232ed010154a43e0a47e40c8a89b1d681c142f214612d964575683f3335c.css?body=1" for ::1 at 2019-07-30 13:31:29 -1000
Started GET "/" for ::1 at 2019-07-30 14:04:56 -1000
Processing by StaticPagesController#index as HTML
  Rendering static_pages/index.html.erb within layouts/application
  Rendered shared/_main_nav.html.erb (0.2ms)
  Rendered shared/_masthead.html.erb (0.2ms)
  Rendered shared/_sections_nav.html.erb (0.2ms)
  Rendered shared/_search_modal.html.erb (0.2ms)
  Rendered shared/_main_content.html.erb (0.2ms)
  Rendered static_pages/index.html.erb within layouts/application (122.4ms)
Completed 200 OK in 404ms (Views: 379.2ms | ActiveRecord: 0.0ms)


Started GET "/assets/application.self-c933c3010994d3b1fdb7207135433e3a4dbf16c433b3c87ce8a60c00025cae22.css?body=1" for ::1 at 2019-07-30 14:04:58 -1000
Started GET "/" for ::1 at 2019-07-30 14:05:06 -1000
Processing by StaticPagesController#index as HTML
  Rendering static_pages/index.html.erb within layouts/application
  Rendered shared/_main_nav.html.erb (0.2ms)
  Rendered shared/_masthead.html.erb (0.2ms)
  Rendered shared/_sections_nav.html.erb (0.2ms)
  Rendered shared/_search_modal.html.erb (0.2ms)
  Rendered shared/_main_content.html.erb (0.2ms)
  Rendered static_pages/index.html.erb within layouts/application (120.4ms)
Completed 200 OK in 383ms (Views: 358.8ms | ActiveRecord: 0.0ms)


Started GET "/assets/application.self-8ce95bea405cb3e019aaf788104a3b175662563511e7a9d0c8d8e233a24b4ddd.css?body=1" for ::1 at 2019-07-30 14:05:08 -1000
Started GET "/" for ::1 at 2019-07-30 14:09:11 -1000
Processing by StaticPagesController#index as HTML
  Rendering static_pages/index.html.erb within layouts/application
  Rendered shared/_main_nav.html.erb (0.2ms)
  Rendered shared/_masthead.html.erb (0.2ms)
  Rendered shared/_sections_nav.html.erb (0.2ms)
  Rendered shared/_search_modal.html.erb (0.2ms)
  Rendered shared/_main_content.html.erb (0.2ms)
  Rendered static_pages/index.html.erb within layouts/application (125.6ms)
Completed 200 OK in 395ms (Views: 370.5ms | ActiveRecord: 0.0ms)


Started GET "/assets/application.self-2595b1726d3168363f50c403b6616f3c8384b117e7b2dc8e3c9dea041d40afd5.css?body=1" for ::1 at 2019-07-30 14:09:14 -1000
Started GET "/" for ::1 at 2019-07-30 14:09:41 -1000
Processing by StaticPagesController#index as HTML
  Rendering static_pages/index.html.erb within layouts/application
  Rendered shared/_main_nav.html.erb (0.2ms)
  Rendered shared/_masthead.html.erb (0.2ms)
  Rendered shared/_sections_nav.html.erb (0.2ms)
  Rendered shared/_search_modal.html.erb (0.2ms)
  Rendered shared/_main_content.html.erb (0.2ms)
  Rendered static_pages/index.html.erb within layouts/application (121.0ms)
Completed 200 OK in 384ms (Views: 360.0ms | ActiveRecord: 0.0ms)


Started GET "/assets/application.self-d3c0a5913be3b606eab97d6f026b0d942ab6db5b84a9da1c6ccee50cf104228d.css?body=1" for ::1 at 2019-07-30 14:09:43 -1000
Started GET "/" for ::1 at 2019-07-30 14:18:48 -1000
Processing by StaticPagesController#index as HTML
  Rendering static_pages/index.html.erb within layouts/application
  Rendered shared/_main_nav.html.erb (0.2ms)
  Rendered shared/_masthead.html.erb (0.3ms)
  Rendered shared/_sections_nav.html.erb (0.2ms)
  Rendered shared/_search_modal.html.erb (0.2ms)
  Rendered shared/_main_content.html.erb (0.2ms)
  Rendered static_pages/index.html.erb within layouts/application (119.6ms)
Completed 200 OK in 241ms (Views: 216.5ms | ActiveRecord: 0.0ms)


Started GET "/assets/AA_Times_Logo.png" for ::1 at 2019-07-30 14:18:51 -1000
Started GET "/" for ::1 at 2019-07-31 06:36:40 -1000
DEPRECATION WARNING: ActiveRecord::Base.raise_in_transactional_callbacks= is deprecated, has no effect and will be removed without replacement. (called from block (3 levels) in <class:Railtie> at C:/Ruby25-x64/lib/ruby/gems/2.5.0/gems/activerecord-5.0.7.2/lib/active_record/railtie.rb:113)
Processing by StaticPagesController#index as HTML
  Rendering static_pages/index.html.erb within layouts/application
  Rendered shared/_main_nav.html.erb (0.2ms)
  Rendered shared/_masthead.html.erb (0.2ms)
  Rendered shared/_sections_nav.html.erb (0.2ms)
  Rendered shared/_search_modal.html.erb (0.2ms)
  Rendered shared/_main_content.html.erb (0.2ms)
  Rendered static_pages/index.html.erb within layouts/application (131.8ms)
Completed 200 OK in 763ms (Views: 735.8ms | ActiveRecord: 0.0ms)


Started GET "/assets/AA_Times_Logo.png" for ::1 at 2019-07-31 06:36:43 -1000
Started GET "/" for ::1 at 2019-07-31 07:00:32 -1000
Processing by StaticPagesController#index as HTML
  Rendering static_pages/index.html.erb within layouts/application
  Rendered shared/_main_nav.html.erb (0.2ms)
  Rendered shared/_masthead.html.erb (0.2ms)
  Rendered shared/_sections_nav.html.erb (0.2ms)
  Rendered shared/_search_modal.html.erb (0.2ms)
  Rendered shared/_main_content.html.erb (0.3ms)
  Rendered static_pages/index.html.erb within layouts/application (125.4ms)
Completed 200 OK in 478ms (Views: 454.1ms | ActiveRecord: 0.0ms)


Started GET "/assets/application.self-e388f71d81b4cd5eb099bcd84788244a18d377427927ab19e896bcd6128c33d5.css?body=1" for ::1 at 2019-07-31 07:00:34 -1000
Started GET "/assets/AA_Times_Logo.png" for ::1 at 2019-07-31 07:00:34 -1000
Started GET "/" for ::1 at 2019-07-31 07:00:52 -1000
Processing by StaticPagesController#index as HTML
  Rendering static_pages/index.html.erb within layouts/application
  Rendered shared/_main_nav.html.erb (0.2ms)
  Rendered shared/_masthead.html.erb (0.3ms)
  Rendered shared/_sections_nav.html.erb (0.2ms)
  Rendered shared/_search_modal.html.erb (0.2ms)
  Rendered shared/_main_content.html.erb (0.2ms)
  Rendered static_pages/index.html.erb within layouts/application (122.6ms)
Completed 200 OK in 253ms (Views: 228.6ms | ActiveRecord: 0.0ms)


Started GET "/assets/AA_Times_Logo.png" for ::1 at 2019-07-31 07:00:54 -1000
Started GET "/" for ::1 at 2019-07-31 07:04:41 -1000
Processing by StaticPagesController#index as HTML
  Rendering static_pages/index.html.erb within layouts/application
  Rendered shared/_main_nav.html.erb (0.2ms)
  Rendered shared/_masthead.html.erb (0.2ms)
  Rendered shared/_sections_nav.html.erb (0.2ms)
  Rendered shared/_search_modal.html.erb (0.2ms)
  Rendered shared/_main_content.html.erb (0.2ms)
  Rendered static_pages/index.html.erb within layouts/application (125.3ms)
Completed 200 OK in 382ms (Views: 357.4ms | ActiveRecord: 0.0ms)


Started GET "/assets/application.self-fb9b0c6c54ce495d2c921cdcd8ad8e949d6c50238dcccccfce6ae23b61e6da2b.css?body=1" for ::1 at 2019-07-31 07:04:43 -1000
Started GET "/assets/AA_Times_Logo.png" for ::1 at 2019-07-31 07:04:43 -1000
Started GET "/" for ::1 at 2019-07-31 07:22:25 -1000
Processing by StaticPagesController#index as HTML
  Rendering static_pages/index.html.erb within layouts/application
  Rendered shared/_main_nav.html.erb (0.2ms)
  Rendered shared/_masthead.html.erb (0.3ms)
  Rendered shared/_sections_nav.html.erb (0.2ms)
  Rendered shared/_search_modal.html.erb (0.2ms)
  Rendered shared/_main_content.html.erb (0.2ms)
  Rendered static_pages/index.html.erb within layouts/application (121.4ms)
Completed 200 OK in 245ms (Views: 221.5ms | ActiveRecord: 0.0ms)


Started GET "/assets/AA_Times_Logo.png" for ::1 at 2019-07-31 07:22:27 -1000
Started GET "/" for ::1 at 2019-07-31 07:33:10 -1000
Processing by StaticPagesController#index as HTML
  Rendering static_pages/index.html.erb within layouts/application
  Rendered shared/_main_nav.html.erb (0.4ms)
  Rendered shared/_masthead.html.erb (0.3ms)
  Rendered shared/_sections_nav.html.erb (0.2ms)
  Rendered shared/_search_modal.html.erb (0.2ms)
  Rendered shared/_main_content.html.erb (0.2ms)
  Rendered static_pages/index.html.erb within layouts/application (137.3ms)
Completed 200 OK in 417ms (Views: 393.1ms | ActiveRecord: 0.0ms)


Started GET "/assets/application.self-b1fdfd828638e5d1e15491421b5c2197b1be786ada596d6256f27cfec241e404.css?body=1" for ::1 at 2019-07-31 07:33:12 -1000
Started GET "/assets/AA_Times_Logo.png" for ::1 at 2019-07-31 07:33:12 -1000
Started GET "/" for ::1 at 2019-07-31 08:03:05 -1000
Processing by StaticPagesController#index as HTML
  Rendering static_pages/index.html.erb within layouts/application
  Rendered shared/_main_nav.html.erb (0.3ms)
  Rendered shared/_masthead.html.erb (0.3ms)
  Rendered shared/_sections_nav.html.erb (0.2ms)
  Rendered shared/_search_modal.html.erb (0.3ms)
  Rendered shared/_main_content.html.erb (0.3ms)
  Rendered static_pages/index.html.erb within layouts/application (127.7ms)
Completed 200 OK in 425ms (Views: 398.3ms | ActiveRecord: 0.0ms)


Started GET "/assets/application.self-d613c40ee475556f5aff8499e80fa213fd6aa1cc895a75ed46c976e11cafd895.css?body=1" for ::1 at 2019-07-31 08:03:08 -1000
Started GET "/assets/AA_Times_Logo.png" for ::1 at 2019-07-31 08:03:08 -1000
Started GET "/" for ::1 at 2019-07-31 08:04:00 -1000
Processing by StaticPagesController#index as HTML
  Rendering static_pages/index.html.erb within layouts/application
  Rendered shared/_main_nav.html.erb (0.2ms)
  Rendered shared/_masthead.html.erb (0.2ms)
  Rendered shared/_sections_nav.html.erb (0.2ms)
  Rendered shared/_search_modal.html.erb (0.2ms)
  Rendered shared/_main_content.html.erb (0.2ms)
  Rendered static_pages/index.html.erb within layouts/application (126.1ms)
Completed 200 OK in 408ms (Views: 381.4ms | ActiveRecord: 0.0ms)


Started GET "/assets/application.self-42dbf0aeae1b7524d852de94b3d5af772a97c33e188d86dadd4a76bbccb94435.css?body=1" for ::1 at 2019-07-31 08:04:02 -1000
Started GET "/assets/AA_Times_Logo.png" for ::1 at 2019-07-31 08:04:02 -1000
Started GET "/" for ::1 at 2019-07-31 08:05:47 -1000
Processing by StaticPagesController#index as HTML
  Rendering static_pages/index.html.erb within layouts/application
  Rendered shared/_main_nav.html.erb (0.2ms)
  Rendered shared/_masthead.html.erb (0.2ms)
  Rendered shared/_sections_nav.html.erb (0.2ms)
  Rendered shared/_search_modal.html.erb (0.3ms)
  Rendered shared/_main_content.html.erb (0.2ms)
  Rendered static_pages/index.html.erb within layouts/application (125.4ms)
Completed 200 OK in 396ms (Views: 371.7ms | ActiveRecord: 0.0ms)


Started GET "/assets/application.self-a4ef973e5c8d1cad65523c65c188cefa09715091940fd26670fa09e8188ebc3e.css?body=1" for ::1 at 2019-07-31 08:05:49 -1000
Started GET "/assets/AA_Times_Logo.png" for ::1 at 2019-07-31 08:05:49 -1000
Started GET "/" for ::1 at 2019-07-31 08:06:45 -1000
Processing by StaticPagesController#index as HTML
  Rendering static_pages/index.html.erb within layouts/application
  Rendered shared/_main_nav.html.erb (0.2ms)
  Rendered shared/_masthead.html.erb (0.2ms)
  Rendered shared/_sections_nav.html.erb (0.2ms)
  Rendered shared/_search_modal.html.erb (0.2ms)
  Rendered shared/_main_content.html.erb (0.2ms)
  Rendered static_pages/index.html.erb within layouts/application (130.6ms)
Completed 200 OK in 422ms (Views: 397.0ms | ActiveRecord: 0.0ms)


Started GET "/assets/application.self-d6837350e552b47addf7a14caa310fa9b5d63f552e3c42dec9db6804fe0d90ec.css?body=1" for ::1 at 2019-07-31 08:06:47 -1000
Started GET "/assets/AA_Times_Logo.png" for ::1 at 2019-07-31 08:06:47 -1000
Started GET "/" for ::1 at 2019-07-31 08:07:06 -1000
Processing by StaticPagesController#index as HTML
  Rendering static_pages/index.html.erb within layouts/application
  Rendered shared/_main_nav.html.erb (0.2ms)
  Rendered shared/_masthead.html.erb (0.3ms)
  Rendered shared/_sections_nav.html.erb (0.2ms)
  Rendered shared/_search_modal.html.erb (0.2ms)
  Rendered shared/_main_content.html.erb (0.2ms)
  Rendered static_pages/index.html.erb within layouts/application (124.8ms)
Completed 200 OK in 415ms (Views: 390.0ms | ActiveRecord: 0.0ms)


Started GET "/assets/AA_Times_Logo.png" for ::1 at 2019-07-31 08:07:08 -1000
Started GET "/" for ::1 at 2019-07-31 08:07:20 -1000
Processing by StaticPagesController#index as HTML
  Rendering static_pages/index.html.erb within layouts/application
  Rendered shared/_main_nav.html.erb (0.2ms)
  Rendered shared/_masthead.html.erb (0.3ms)
  Rendered shared/_sections_nav.html.erb (0.2ms)
  Rendered shared/_search_modal.html.erb (0.4ms)
  Rendered shared/_main_content.html.erb (0.2ms)
  Rendered static_pages/index.html.erb within layouts/application (134.6ms)
Completed 200 OK in 435ms (Views: 411.1ms | ActiveRecord: 0.0ms)


Started GET "/assets/application.self-19c6bbf9684839dbbc40a75baf2a33dd9286845cff7abbf798ab4312b5fb844d.css?body=1" for ::1 at 2019-07-31 08:07:22 -1000
Started GET "/assets/AA_Times_Logo.png" for ::1 at 2019-07-31 08:07:22 -1000
Started GET "/" for ::1 at 2019-07-31 08:09:16 -1000
Processing by StaticPagesController#index as HTML
  Rendering static_pages/index.html.erb within layouts/application
  Rendered shared/_main_nav.html.erb (0.2ms)
  Rendered shared/_masthead.html.erb (0.2ms)
  Rendered shared/_sections_nav.html.erb (0.2ms)
  Rendered shared/_search_modal.html.erb (0.2ms)
  Rendered shared/_main_content.html.erb (0.2ms)
  Rendered static_pages/index.html.erb within layouts/application (130.2ms)
Completed 200 OK in 265ms (Views: 240.8ms | ActiveRecord: 0.0ms)


Started GET "/assets/AA_Times_Logo.png" for ::1 at 2019-07-31 08:09:18 -1000
Started GET "/" for ::1 at 2019-07-31 08:22:49 -1000
Processing by StaticPagesController#index as HTML
  Rendering static_pages/index.html.erb within layouts/application
  Rendered shared/_main_nav.html.erb (0.6ms)
  Rendered shared/_masthead.html.erb (0.4ms)
  Rendered shared/_sections_nav.html.erb (0.2ms)
  Rendered shared/_search_modal.html.erb (0.2ms)
  Rendered shared/_main_content.html.erb (0.3ms)
  Rendered static_pages/index.html.erb within layouts/application (154.0ms)
Completed 200 OK in 457ms (Views: 431.7ms | ActiveRecord: 0.0ms)


Started GET "/assets/application.self-59013139464961c61e54357048c2ef60991e871bc2fc02dea61cace0cd288bda.css?body=1" for ::1 at 2019-07-31 08:22:51 -1000
Started GET "/assets/AA_Times_Logo.png" for ::1 at 2019-07-31 08:22:51 -1000
Started GET "/" for ::1 at 2019-07-31 08:26:50 -1000
Processing by StaticPagesController#index as HTML
  Rendering static_pages/index.html.erb within layouts/application
  Rendered shared/_main_nav.html.erb (0.3ms)
  Rendered shared/_masthead.html.erb (0.3ms)
  Rendered shared/_sections_nav.html.erb (0.2ms)
  Rendered shared/_search_modal.html.erb (0.2ms)
  Rendered shared/_main_content.html.erb (0.2ms)
  Rendered static_pages/index.html.erb within layouts/application (125.0ms)
Completed 200 OK in 391ms (Views: 366.6ms | ActiveRecord: 0.0ms)


Started GET "/assets/application.self-7103d82ff26e7021ab4d82e3520bbea34b79796fec5afb284c2da3ff1f292b25.css?body=1" for ::1 at 2019-07-31 08:26:53 -1000
Started GET "/assets/AA_Times_Logo.png" for ::1 at 2019-07-31 08:26:53 -1000
Started GET "/" for ::1 at 2019-07-31 08:28:51 -1000
Processing by StaticPagesController#index as HTML
  Rendering static_pages/index.html.erb within layouts/application
  Rendered shared/_main_nav.html.erb (0.3ms)
  Rendered shared/_masthead.html.erb (0.2ms)
  Rendered shared/_sections_nav.html.erb (0.2ms)
  Rendered shared/_search_modal.html.erb (0.2ms)
  Rendered shared/_main_content.html.erb (0.2ms)
  Rendered static_pages/index.html.erb within layouts/application (126.3ms)
Completed 200 OK in 410ms (Views: 386.4ms | ActiveRecord: 0.0ms)


Started GET "/assets/application.self-93c687ea84428eceea2bdf37d81f456c0df0cf4175e8a60dfe010e40f775504f.css?body=1" for ::1 at 2019-07-31 08:28:54 -1000
Started GET "/assets/AA_Times_Logo.png" for ::1 at 2019-07-31 08:28:54 -1000
Started GET "/" for ::1 at 2019-07-31 09:44:39 -1000
Processing by StaticPagesController#index as HTML
  Rendering static_pages/index.html.erb within layouts/application
  Rendered shared/_main_nav.html.erb (0.4ms)
  Rendered shared/_masthead.html.erb (0.7ms)
  Rendered shared/_sections_nav.html.erb (1.2ms)
  Rendered shared/_search_modal.html.erb (0.8ms)
  Rendered shared/_main_content.html.erb (0.3ms)
  Rendered static_pages/index.html.erb within layouts/application (150.5ms)
Completed 200 OK in 680ms (Views: 650.1ms | ActiveRecord: 0.0ms)


Started GET "/assets/application.self-3263ce636e5e9d6f56186c406350d34ee4daf2a7a61267736e234d7a56ca12ff.css?body=1" for ::1 at 2019-07-31 09:44:42 -1000
Started GET "/assets/AA_Times_Logo.png" for ::1 at 2019-07-31 09:44:42 -1000
Started GET "/" for ::1 at 2019-07-31 09:48:21 -1000
Processing by StaticPagesController#index as HTML
  Rendering static_pages/index.html.erb within layouts/application
  Rendered shared/_main_nav.html.erb (0.2ms)
  Rendered shared/_masthead.html.erb (0.3ms)
  Rendered shared/_sections_nav.html.erb (0.2ms)
  Rendered shared/_search_modal.html.erb (0.2ms)
  Rendered shared/_main_content.html.erb (0.2ms)
  Rendered static_pages/index.html.erb within layouts/application (125.3ms)
Completed 200 OK in 250ms (Views: 225.6ms | ActiveRecord: 0.0ms)


Started GET "/assets/AA_Times_Logo.png" for ::1 at 2019-07-31 09:48:24 -1000
Started GET "/" for ::1 at 2019-07-31 09:50:24 -1000
Processing by StaticPagesController#index as HTML
  Rendering static_pages/index.html.erb within layouts/application
  Rendered shared/_main_nav.html.erb (0.2ms)
  Rendered shared/_masthead.html.erb (0.3ms)
  Rendered shared/_sections_nav.html.erb (0.8ms)
  Rendered shared/_search_modal.html.erb (0.2ms)
  Rendered shared/_main_content.html.erb (0.2ms)
  Rendered static_pages/index.html.erb within layouts/application (124.0ms)
Completed 200 OK in 249ms (Views: 225.1ms | ActiveRecord: 0.0ms)


Started GET "/assets/AA_Times_Logo.png" for ::1 at 2019-07-31 09:50:26 -1000
Started GET "/" for ::1 at 2019-07-31 09:54:43 -1000
Processing by StaticPagesController#index as HTML
  Rendering static_pages/index.html.erb within layouts/application
  Rendered shared/_main_nav.html.erb (0.8ms)
  Rendered shared/_masthead.html.erb (0.2ms)
  Rendered shared/_sections_nav.html.erb (0.7ms)
  Rendered shared/_search_modal.html.erb (0.2ms)
  Rendered shared/_main_content.html.erb (0.2ms)
  Rendered static_pages/index.html.erb within layouts/application (123.5ms)
Completed 200 OK in 249ms (Views: 225.3ms | ActiveRecord: 0.0ms)


Started GET "/assets/AA_Times_Logo.png" for ::1 at 2019-07-31 09:54:45 -1000
Started GET "/" for ::1 at 2019-07-31 09:55:04 -1000
Processing by StaticPagesController#index as HTML
  Rendering static_pages/index.html.erb within layouts/application
  Rendered shared/_main_nav.html.erb (0.2ms)
  Rendered shared/_masthead.html.erb (0.2ms)
  Rendered shared/_sections_nav.html.erb (0.2ms)
  Rendered shared/_search_modal.html.erb (0.2ms)
  Rendered shared/_main_content.html.erb (0.2ms)
  Rendered static_pages/index.html.erb within layouts/application (122.9ms)
Completed 200 OK in 401ms (Views: 375.3ms | ActiveRecord: 0.0ms)


Started GET "/assets/application.self-8fa53d508f87d3e244972bb749d6b531e9a4b0f020de96b25326e54f59b61722.css?body=1" for ::1 at 2019-07-31 09:55:06 -1000
Started GET "/assets/AA_Times_Logo.png" for ::1 at 2019-07-31 09:55:06 -1000
Started GET "/" for ::1 at 2019-07-31 09:56:42 -1000
Processing by StaticPagesController#index as HTML
  Rendering static_pages/index.html.erb within layouts/application
  Rendered shared/_main_nav.html.erb (0.2ms)
  Rendered shared/_masthead.html.erb (0.2ms)
  Rendered shared/_sections_nav.html.erb (0.2ms)
  Rendered shared/_search_modal.html.erb (0.2ms)
  Rendered shared/_main_content.html.erb (0.3ms)
  Rendered static_pages/index.html.erb within layouts/application (120.7ms)
Completed 200 OK in 385ms (Views: 361.2ms | ActiveRecord: 0.0ms)


Started GET "/assets/application.self-496561d301164999f5adfb22b1971616c6fc01d549254a635ec3cea47a03e12b.css?body=1" for ::1 at 2019-07-31 09:56:45 -1000
Started GET "/assets/AA_Times_Logo.png" for ::1 at 2019-07-31 09:56:45 -1000
Started GET "/" for ::1 at 2019-07-31 09:57:15 -1000
Processing by StaticPagesController#index as HTML
  Rendering static_pages/index.html.erb within layouts/application
  Rendered shared/_main_nav.html.erb (0.2ms)
  Rendered shared/_masthead.html.erb (0.3ms)
  Rendered shared/_sections_nav.html.erb (0.2ms)
  Rendered shared/_search_modal.html.erb (0.2ms)
  Rendered shared/_main_content.html.erb (0.3ms)
  Rendered static_pages/index.html.erb within layouts/application (126.7ms)
Completed 200 OK in 404ms (Views: 379.5ms | ActiveRecord: 0.0ms)


Started GET "/assets/application.self-0286fd1ebeaa33965349dcf156bad600741b484195d267c3fb6c133ed8c1e705.css?body=1" for ::1 at 2019-07-31 09:57:18 -1000
Started GET "/assets/AA_Times_Logo.png" for ::1 at 2019-07-31 09:57:18 -1000
Started GET "/" for ::1 at 2019-07-31 09:57:51 -1000
Processing by StaticPagesController#index as HTML
  Rendering static_pages/index.html.erb within layouts/application
  Rendered shared/_main_nav.html.erb (0.2ms)
  Rendered shared/_masthead.html.erb (0.2ms)
  Rendered shared/_sections_nav.html.erb (0.2ms)
  Rendered shared/_search_modal.html.erb (0.3ms)
  Rendered shared/_main_content.html.erb (0.3ms)
  Rendered static_pages/index.html.erb within layouts/application (134.6ms)
Completed 200 OK in 429ms (Views: 405.1ms | ActiveRecord: 0.0ms)


Started GET "/assets/application.self-2d291094dc717ba1b82078e99c2a9b438957204de5d1be7ca757ca2fca902519.css?body=1" for ::1 at 2019-07-31 09:57:53 -1000
Started GET "/assets/AA_Times_Logo.png" for ::1 at 2019-07-31 09:57:53 -1000
Started GET "/" for ::1 at 2019-07-31 09:59:05 -1000
Processing by StaticPagesController#index as HTML
  Rendering static_pages/index.html.erb within layouts/application
  Rendered shared/_main_nav.html.erb (0.2ms)
  Rendered shared/_masthead.html.erb (0.2ms)
  Rendered shared/_sections_nav.html.erb (0.2ms)
  Rendered shared/_search_modal.html.erb (0.2ms)
  Rendered shared/_main_content.html.erb (0.2ms)
  Rendered static_pages/index.html.erb within layouts/application (124.0ms)
Completed 200 OK in 394ms (Views: 370.4ms | ActiveRecord: 0.0ms)


Started GET "/assets/application.self-d7d7a1112da84f0b82d4074ee0a5b7966d72306170e8750d6bd0f9b595769173.css?body=1" for ::1 at 2019-07-31 09:59:07 -1000
Started GET "/assets/AA_Times_Logo.png" for ::1 at 2019-07-31 09:59:07 -1000
Started GET "/" for ::1 at 2019-07-31 10:00:25 -1000
Processing by StaticPagesController#index as HTML
  Rendering static_pages/index.html.erb within layouts/application
  Rendered shared/_main_nav.html.erb (0.2ms)
  Rendered shared/_masthead.html.erb (0.2ms)
  Rendered shared/_sections_nav.html.erb (0.2ms)
  Rendered shared/_search_modal.html.erb (0.2ms)
  Rendered shared/_main_content.html.erb (0.2ms)
  Rendered static_pages/index.html.erb within layouts/application (123.6ms)
Completed 200 OK in 391ms (Views: 364.2ms | ActiveRecord: 0.0ms)


Started GET "/assets/application.self-1539a53b24ee2d7edea606412fcbc5b46a8320d4cbd49308fbef007ab55d5efa.css?body=1" for ::1 at 2019-07-31 10:00:28 -1000
Started GET "/assets/AA_Times_Logo.png" for ::1 at 2019-07-31 10:00:28 -1000
Started GET "/" for ::1 at 2019-07-31 10:00:56 -1000
Processing by StaticPagesController#index as HTML
  Rendering static_pages/index.html.erb within layouts/application
  Rendered shared/_main_nav.html.erb (0.2ms)
  Rendered shared/_masthead.html.erb (0.2ms)
  Rendered shared/_sections_nav.html.erb (0.2ms)
  Rendered shared/_search_modal.html.erb (0.3ms)
  Rendered shared/_main_content.html.erb (0.2ms)
  Rendered static_pages/index.html.erb within layouts/application (136.9ms)
Completed 200 OK in 418ms (Views: 390.7ms | ActiveRecord: 0.0ms)


Started GET "/assets/application.self-12df813f04e22d524f976495cc661f378e80948a030a1c0fbc3fc5670aefdca7.css?body=1" for ::1 at 2019-07-31 10:00:58 -1000
Started GET "/assets/AA_Times_Logo.png" for ::1 at 2019-07-31 10:00:58 -1000
Started GET "/" for ::1 at 2019-07-31 10:01:38 -1000
Processing by StaticPagesController#index as HTML
  Rendering static_pages/index.html.erb within layouts/application
  Rendered shared/_main_nav.html.erb (0.2ms)
  Rendered shared/_masthead.html.erb (0.2ms)
  Rendered shared/_search_modal.html.erb (0.2ms)
  Rendered shared/_sections_nav.html.erb (26.5ms)
  Rendered shared/_search_modal.html.erb (0.0ms)
  Rendered shared/_main_content.html.erb (0.2ms)
  Rendered static_pages/index.html.erb within layouts/application (161.8ms)
Completed 200 OK in 457ms (Views: 430.8ms | ActiveRecord: 0.0ms)


Started GET "/assets/AA_Times_Logo.png" for ::1 at 2019-07-31 10:01:40 -1000
Started GET "/" for ::1 at 2019-07-31 10:04:56 -1000
Processing by StaticPagesController#index as HTML
  Rendering static_pages/index.html.erb within layouts/application
  Rendered shared/_main_nav.html.erb (0.2ms)
  Rendered shared/_masthead.html.erb (0.3ms)
  Rendered shared/_sections_nav.html.erb (0.2ms)
  Rendered shared/_search_modal.html.erb (0.2ms)
  Rendered shared/_main_content.html.erb (0.2ms)
  Rendered static_pages/index.html.erb within layouts/application (123.9ms)
Completed 200 OK in 417ms (Views: 392.8ms | ActiveRecord: 0.0ms)


Started GET "/assets/application.self-52f43e176aebe2ae81c92cfcb9c1fb98821d0d873eb807128bab1ac3258c30ab.css?body=1" for ::1 at 2019-07-31 10:04:59 -1000
Started GET "/assets/AA_Times_Logo.png" for ::1 at 2019-07-31 10:04:59 -1000
Started GET "/" for ::1 at 2019-07-31 10:05:09 -1000
Processing by StaticPagesController#index as HTML
  Rendering static_pages/index.html.erb within layouts/application
  Rendered shared/_main_nav.html.erb (0.2ms)
  Rendered shared/_masthead.html.erb (0.3ms)
  Rendered shared/_sections_nav.html.erb (0.2ms)
  Rendered shared/_search_modal.html.erb (0.2ms)
  Rendered shared/_main_content.html.erb (0.3ms)
  Rendered static_pages/index.html.erb within layouts/application (124.5ms)
Completed 200 OK in 403ms (Views: 377.8ms | ActiveRecord: 0.0ms)


Started GET "/assets/application.self-8ffe1cc6ba5ca058c78a661cee50ced99346123c2c3733d88c9180c7bacfde70.css?body=1" for ::1 at 2019-07-31 10:05:12 -1000
Started GET "/assets/AA_Times_Logo.png" for ::1 at 2019-07-31 10:05:12 -1000
Started GET "/" for ::1 at 2019-07-31 10:05:26 -1000
Processing by StaticPagesController#index as HTML
  Rendering static_pages/index.html.erb within layouts/application
  Rendered shared/_main_nav.html.erb (0.3ms)
  Rendered shared/_masthead.html.erb (0.2ms)
  Rendered shared/_sections_nav.html.erb (0.2ms)
  Rendered shared/_search_modal.html.erb (0.2ms)
  Rendered shared/_main_content.html.erb (0.2ms)
  Rendered static_pages/index.html.erb within layouts/application (125.0ms)
Completed 200 OK in 423ms (Views: 398.4ms | ActiveRecord: 0.0ms)


Started GET "/assets/application.self-f870d42d3b6958d6c78ed6e4d3ddad4917ec8e13e534df12f722c8ad333d505a.css?body=1" for ::1 at 2019-07-31 10:05:28 -1000
Started GET "/assets/AA_Times_Logo.png" for ::1 at 2019-07-31 10:05:28 -1000
Started GET "/" for ::1 at 2019-07-31 10:05:51 -1000
Processing by StaticPagesController#index as HTML
  Rendering static_pages/index.html.erb within layouts/application
  Rendered shared/_main_nav.html.erb (0.2ms)
  Rendered shared/_masthead.html.erb (0.2ms)
  Rendered shared/_sections_nav.html.erb (0.2ms)
  Rendered shared/_search_modal.html.erb (0.2ms)
  Rendered shared/_main_content.html.erb (0.2ms)
  Rendered static_pages/index.html.erb within layouts/application (124.1ms)
Completed 200 OK in 399ms (Views: 374.8ms | ActiveRecord: 0.0ms)


Started GET "/assets/application.self-b330ea2495f0a63ec02d9dbf5d42ee46bb553cd4aaa35ce8d88cf4c0d74d50ed.css?body=1" for ::1 at 2019-07-31 10:05:54 -1000
Started GET "/assets/AA_Times_Logo.png" for ::1 at 2019-07-31 10:05:54 -1000
Started GET "/" for ::1 at 2019-07-31 10:07:36 -1000
Processing by StaticPagesController#index as HTML
  Rendering static_pages/index.html.erb within layouts/application
  Rendered shared/_main_nav.html.erb (0.2ms)
  Rendered shared/_masthead.html.erb (0.3ms)
  Rendered shared/_sections_nav.html.erb (0.2ms)
  Rendered shared/_search_modal.html.erb (0.2ms)
  Rendered shared/_main_content.html.erb (0.2ms)
  Rendered static_pages/index.html.erb within layouts/application (123.3ms)
Completed 200 OK in 394ms (Views: 370.3ms | ActiveRecord: 0.0ms)


Started GET "/assets/application.self-f4886e8032edfa78a77e96bd7e5104740f1bf952ef836080762af70efe65bb2c.css?body=1" for ::1 at 2019-07-31 10:07:38 -1000
Started GET "/assets/AA_Times_Logo.png" for ::1 at 2019-07-31 10:07:38 -1000
Started GET "/" for ::1 at 2019-07-31 10:07:47 -1000
Processing by StaticPagesController#index as HTML
  Rendering static_pages/index.html.erb within layouts/application
  Rendered shared/_main_nav.html.erb (0.2ms)
  Rendered shared/_masthead.html.erb (0.2ms)
  Rendered shared/_sections_nav.html.erb (0.2ms)
  Rendered shared/_search_modal.html.erb (0.2ms)
  Rendered shared/_main_content.html.erb (0.2ms)
  Rendered static_pages/index.html.erb within layouts/application (123.9ms)
Completed 200 OK in 416ms (Views: 383.4ms | ActiveRecord: 0.0ms)


Started GET "/assets/AA_Times_Logo.png" for ::1 at 2019-07-31 10:07:50 -1000
Started GET "/assets/application.self-eefad1b6c0f403e1edd3dccca59d9f78d9ca219c67df07048dbae373698d7787.css?body=1" for ::1 at 2019-07-31 10:07:50 -1000
Started GET "/" for ::1 at 2019-07-31 10:10:23 -1000
Processing by StaticPagesController#index as HTML
  Rendering static_pages/index.html.erb within layouts/application
  Rendered shared/_main_nav.html.erb (0.3ms)
  Rendered shared/_masthead.html.erb (0.2ms)
  Rendered shared/_sections_nav.html.erb (0.2ms)
  Rendered shared/_search_modal.html.erb (0.2ms)
  Rendered shared/_main_content.html.erb (0.2ms)
  Rendered static_pages/index.html.erb within layouts/application (124.4ms)
Completed 200 OK in 417ms (Views: 393.6ms | ActiveRecord: 0.0ms)


Started GET "/assets/application.self-55fbd5a1204109cb53376586f989a6d2fc333dd2ba6c705b2eb2e9dc81b468e1.css?body=1" for ::1 at 2019-07-31 10:10:25 -1000
Started GET "/assets/AA_Times_Logo.png" for ::1 at 2019-07-31 10:10:25 -1000
Started GET "/" for ::1 at 2019-07-31 10:10:57 -1000
Processing by StaticPagesController#index as HTML
  Rendering static_pages/index.html.erb within layouts/application
  Rendered shared/_main_nav.html.erb (0.2ms)
  Rendered shared/_masthead.html.erb (0.2ms)
  Rendered shared/_sections_nav.html.erb (0.3ms)
  Rendered shared/_search_modal.html.erb (0.2ms)
  Rendered shared/_main_content.html.erb (0.2ms)
  Rendered static_pages/index.html.erb within layouts/application (126.2ms)
Completed 200 OK in 401ms (Views: 375.6ms | ActiveRecord: 0.0ms)


Started GET "/assets/application.self-cf0f10ad706db7a1a84f3d2eece3d033a7f119114463309bfe8f03975980a467.css?body=1" for ::1 at 2019-07-31 10:10:59 -1000
Started GET "/assets/AA_Times_Logo.png" for ::1 at 2019-07-31 10:10:59 -1000
Started GET "/" for ::1 at 2019-07-31 10:11:24 -1000
Processing by StaticPagesController#index as HTML
  Rendering static_pages/index.html.erb within layouts/application
  Rendered shared/_main_nav.html.erb (0.2ms)
  Rendered shared/_masthead.html.erb (0.3ms)
  Rendered shared/_sections_nav.html.erb (0.2ms)
  Rendered shared/_search_modal.html.erb (0.2ms)
  Rendered shared/_main_content.html.erb (0.2ms)
  Rendered static_pages/index.html.erb within layouts/application (123.4ms)
Completed 200 OK in 394ms (Views: 368.4ms | ActiveRecord: 0.0ms)


Started GET "/assets/application.self-5997768383352a78aee63be299956ab8fdd7ec247cb9c4b8968277930dc0915c.css?body=1" for ::1 at 2019-07-31 10:11:26 -1000
Started GET "/assets/AA_Times_Logo.png" for ::1 at 2019-07-31 10:11:26 -1000
Started GET "/" for ::1 at 2019-07-31 10:11:44 -1000
Processing by StaticPagesController#index as HTML
  Rendering static_pages/index.html.erb within layouts/application
  Rendered shared/_main_nav.html.erb (0.2ms)
  Rendered shared/_masthead.html.erb (0.2ms)
  Rendered shared/_sections_nav.html.erb (1.7ms)
  Rendered shared/_search_modal.html.erb (0.2ms)
  Rendered shared/_main_content.html.erb (0.2ms)
  Rendered static_pages/index.html.erb within layouts/application (137.6ms)
Completed 200 OK in 521ms (Views: 496.7ms | ActiveRecord: 0.0ms)


Started GET "/assets/AA_Times_Logo.png" for ::1 at 2019-07-31 10:11:46 -1000
Started GET "/assets/application.self-27a5b5ffa1eda3092b1ddc3862a715df90065b88f7efb3824775c0ec65b960b8.css?body=1" for ::1 at 2019-07-31 10:11:46 -1000
Started GET "/" for ::1 at 2019-07-31 10:11:58 -1000
Processing by StaticPagesController#index as HTML
  Rendering static_pages/index.html.erb within layouts/application
  Rendered shared/_main_nav.html.erb (0.3ms)
  Rendered shared/_masthead.html.erb (0.2ms)
  Rendered shared/_sections_nav.html.erb (0.3ms)
  Rendered shared/_search_modal.html.erb (0.3ms)
  Rendered shared/_main_content.html.erb (0.2ms)
  Rendered static_pages/index.html.erb within layouts/application (133.4ms)
Completed 200 OK in 424ms (Views: 393.8ms | ActiveRecord: 0.0ms)


Started GET "/assets/AA_Times_Logo.png" for ::1 at 2019-07-31 10:12:01 -1000
Started GET "/assets/application.self-5dee33e8ecf0e22236da68b70f5f4176fc9f728974af42330e88ce8871afb3a8.css?body=1" for ::1 at 2019-07-31 10:12:01 -1000
Started GET "/" for ::1 at 2019-07-31 10:13:06 -1000
Processing by StaticPagesController#index as HTML
  Rendering static_pages/index.html.erb within layouts/application
  Rendered shared/_main_nav.html.erb (0.2ms)
  Rendered shared/_masthead.html.erb (0.2ms)
  Rendered shared/_sections_nav.html.erb (0.2ms)
  Rendered shared/_search_modal.html.erb (0.2ms)
  Rendered shared/_main_content.html.erb (0.2ms)
  Rendered static_pages/index.html.erb within layouts/application (124.9ms)
Completed 200 OK in 402ms (Views: 377.0ms | ActiveRecord: 0.0ms)


Started GET "/assets/AA_Times_Logo.png" for ::1 at 2019-07-31 10:13:09 -1000
Started GET "/assets/application.self-d11eb597223dd628882810f1663961fed3172af3b418df588182cae5daebe6f6.css?body=1" for ::1 at 2019-07-31 10:13:09 -1000
Started GET "/" for ::1 at 2019-07-31 10:13:50 -1000
Processing by StaticPagesController#index as HTML
  Rendering static_pages/index.html.erb within layouts/application
  Rendered shared/_main_nav.html.erb (0.2ms)
  Rendered shared/_masthead.html.erb (0.2ms)
  Rendered shared/_sections_nav.html.erb (0.2ms)
  Rendered shared/_search_modal.html.erb (0.2ms)
  Rendered shared/_main_content.html.erb (0.2ms)
  Rendered static_pages/index.html.erb within layouts/application (123.4ms)
Completed 200 OK in 384ms (Views: 359.7ms | ActiveRecord: 0.0ms)


Started GET "/assets/application.self-2af1b0cecaf905a9c14953c5cc7a155c6000e11291e02dbd86c85a53ad290e7e.css?body=1" for ::1 at 2019-07-31 10:13:52 -1000
Started GET "/assets/AA_Times_Logo.png" for ::1 at 2019-07-31 10:13:52 -1000
Started GET "/" for ::1 at 2019-07-31 10:14:47 -1000
Processing by StaticPagesController#index as HTML
  Rendering static_pages/index.html.erb within layouts/application
  Rendered shared/_main_nav.html.erb (0.2ms)
  Rendered shared/_masthead.html.erb (0.2ms)
  Rendered shared/_sections_nav.html.erb (0.2ms)
  Rendered shared/_search_modal.html.erb (0.2ms)
  Rendered shared/_main_content.html.erb (0.2ms)
  Rendered static_pages/index.html.erb within layouts/application (124.3ms)
Completed 200 OK in 390ms (Views: 365.3ms | ActiveRecord: 0.0ms)


Started GET "/assets/application.self-608d229460e76aaf5770ff8fed8f45a812f5782ba191c66d22e9228525f256bf.css?body=1" for ::1 at 2019-07-31 10:14:49 -1000
Started GET "/assets/AA_Times_Logo.png" for ::1 at 2019-07-31 10:14:49 -1000
Started GET "/" for ::1 at 2019-07-31 10:15:58 -1000
Processing by StaticPagesController#index as HTML
  Rendering static_pages/index.html.erb within layouts/application
  Rendered shared/_main_nav.html.erb (0.2ms)
  Rendered shared/_masthead.html.erb (0.2ms)
  Rendered shared/_sections_nav.html.erb (0.2ms)
  Rendered shared/_search_modal.html.erb (0.2ms)
  Rendered shared/_main_content.html.erb (0.2ms)
  Rendered static_pages/index.html.erb within layouts/application (131.8ms)
Completed 200 OK in 402ms (Views: 373.4ms | ActiveRecord: 0.0ms)


Started GET "/assets/application.self-3a7832c3d8b039b659ce283c09eb2e6c27b55ecf8fcfd09172bd4ff3085e11ab.css?body=1" for ::1 at 2019-07-31 10:16:00 -1000
Started GET "/assets/AA_Times_Logo.png" for ::1 at 2019-07-31 10:16:00 -1000
Started GET "/" for ::1 at 2019-07-31 10:16:17 -1000
Processing by StaticPagesController#index as HTML
  Rendering static_pages/index.html.erb within layouts/application
  Rendered shared/_main_nav.html.erb (0.3ms)
  Rendered shared/_masthead.html.erb (0.2ms)
  Rendered shared/_sections_nav.html.erb (0.2ms)
  Rendered shared/_search_modal.html.erb (0.2ms)
  Rendered shared/_main_content.html.erb (0.2ms)
  Rendered static_pages/index.html.erb within layouts/application (129.4ms)
Completed 200 OK in 438ms (Views: 411.1ms | ActiveRecord: 0.0ms)


Started GET "/assets/application.self-2a170d03482d74f8e3141b8ce9704a0ed3071a593b8bde2dd7681397b5b5eee5.css?body=1" for ::1 at 2019-07-31 10:16:20 -1000
Started GET "/assets/AA_Times_Logo.png" for ::1 at 2019-07-31 10:16:20 -1000
Started GET "/" for ::1 at 2019-07-31 10:17:35 -1000
Processing by StaticPagesController#index as HTML
  Rendering static_pages/index.html.erb within layouts/application
  Rendered shared/_main_nav.html.erb (0.2ms)
  Rendered shared/_masthead.html.erb (0.2ms)
  Rendered shared/_sections_nav.html.erb (0.2ms)
  Rendered shared/_search_modal.html.erb (0.2ms)
  Rendered shared/_main_content.html.erb (0.2ms)
  Rendered static_pages/index.html.erb within layouts/application (122.9ms)
Completed 200 OK in 390ms (Views: 365.0ms | ActiveRecord: 0.0ms)


Started GET "/assets/application.self-fc5bf824ecafb3527819c89d4eca354812c35a95367d99f9f02b9b0f29a75cee.css?body=1" for ::1 at 2019-07-31 10:17:37 -1000
Started GET "/assets/AA_Times_Logo.png" for ::1 at 2019-07-31 10:17:37 -1000
Started GET "/" for ::1 at 2019-07-31 10:39:49 -1000
Processing by StaticPagesController#index as HTML
  Rendering static_pages/index.html.erb within layouts/application
  Rendered shared/_sections_sidebar.html.erb (0.2ms)
  Rendered shared/_gear_dropdown.html.erb (0.4ms)
  Rendered shared/_main_nav.html.erb (53.7ms)
  Rendered shared/_masthead.html.erb (0.2ms)
  Rendered shared/_sections_nav.html.erb (0.2ms)
  Rendered shared/_search_modal.html.erb (0.2ms)
  Rendered shared/_main_content.html.erb (0.2ms)
  Rendered static_pages/index.html.erb within layouts/application (176.7ms)
Completed 200 OK in 308ms (Views: 282.3ms | ActiveRecord: 0.0ms)


Started GET "/assets/AA_Times_Logo.png" for ::1 at 2019-07-31 10:39:52 -1000
Started GET "/" for ::1 at 2019-07-31 10:43:09 -1000
Processing by StaticPagesController#index as HTML
  Rendering static_pages/index.html.erb within layouts/application
  Rendered shared/_sections_sidebar.html.erb (0.2ms)
  Rendered shared/_gear_dropdown.html.erb (0.2ms)
  Rendered shared/_main_nav.html.erb (48.2ms)
  Rendered shared/_masthead.html.erb (0.2ms)
  Rendered shared/_sections_nav.html.erb (0.2ms)
  Rendered shared/_search_modal.html.erb (0.3ms)
  Rendered shared/_main_content.html.erb (0.2ms)
  Rendered static_pages/index.html.erb within layouts/application (169.7ms)
Completed 200 OK in 294ms (Views: 270.3ms | ActiveRecord: 0.0ms)


Started GET "/assets/AA_Times_Logo.png" for ::1 at 2019-07-31 10:43:12 -1000
Started GET "/" for ::1 at 2019-07-31 10:54:44 -1000
Processing by StaticPagesController#index as HTML
  Rendering static_pages/index.html.erb within layouts/application
  Rendered shared/_sections_sidebar.html.erb (0.3ms)
  Rendered shared/_gear_dropdown.html.erb (0.2ms)
  Rendered shared/_main_nav.html.erb (48.6ms)
  Rendered shared/_masthead.html.erb (0.2ms)
  Rendered shared/_sections_nav.html.erb (0.2ms)
  Rendered shared/_search_modal.html.erb (0.5ms)
  Rendered shared/_main_content.html.erb (0.2ms)
  Rendered static_pages/index.html.erb within layouts/application (175.5ms)
Completed 200 OK in 297ms (Views: 272.9ms | ActiveRecord: 0.0ms)


Started GET "/assets/AA_Times_Logo.png" for ::1 at 2019-07-31 10:54:47 -1000
Started GET "/" for ::1 at 2019-07-31 10:57:41 -1000
Processing by StaticPagesController#index as HTML
  Rendering static_pages/index.html.erb within layouts/application
  Rendered shared/_sections_sidebar.html.erb (0.2ms)
  Rendered shared/_gear_dropdown.html.erb (0.2ms)
  Rendered shared/_main_nav.html.erb (48.9ms)
  Rendered shared/_masthead.html.erb (0.2ms)
  Rendered shared/_sections_nav.html.erb (0.2ms)
  Rendered shared/_search_modal.html.erb (0.2ms)
  Rendered shared/_main_content.html.erb (0.2ms)
  Rendered static_pages/index.html.erb within layouts/application (170.7ms)
Completed 200 OK in 467ms (Views: 443.2ms | ActiveRecord: 0.0ms)


Started GET "/assets/application.self-1958f61de10338897c10022c36db7a3c43bb588a90d01ddc028d19626f0a0252.css?body=1" for ::1 at 2019-07-31 10:57:43 -1000
Started GET "/assets/AA_Times_Logo.png" for ::1 at 2019-07-31 10:57:43 -1000
Started GET "/" for ::1 at 2019-07-31 11:02:50 -1000
Processing by StaticPagesController#index as HTML
  Rendering static_pages/index.html.erb within layouts/application
  Rendered shared/_sections_sidebar.html.erb (0.2ms)
  Rendered shared/_gear_dropdown.html.erb (0.3ms)
  Rendered shared/_main_nav.html.erb (49.0ms)
  Rendered shared/_masthead.html.erb (0.2ms)
  Rendered shared/_sections_nav.html.erb (0.2ms)
  Rendered shared/_search_modal.html.erb (0.3ms)
  Rendered shared/_main_content.html.erb (0.2ms)
  Rendered static_pages/index.html.erb within layouts/application (171.5ms)
Completed 200 OK in 451ms (Views: 427.0ms | ActiveRecord: 0.0ms)


Started GET "/assets/application.self-7001a093e8b694898b6b64298f4895e3d51d66f5ba4ccbe8831532bc761e87fe.css?body=1" for ::1 at 2019-07-31 11:02:52 -1000
Started GET "/assets/AA_Times_Logo.png" for ::1 at 2019-07-31 11:02:52 -1000
Started GET "/" for ::1 at 2019-07-31 11:03:19 -1000
Processing by StaticPagesController#index as HTML
  Rendering static_pages/index.html.erb within layouts/application
  Rendered shared/_sections_sidebar.html.erb (0.2ms)
  Rendered shared/_gear_dropdown.html.erb (0.2ms)
  Rendered shared/_main_nav.html.erb (49.1ms)
  Rendered shared/_masthead.html.erb (0.2ms)
  Rendered shared/_sections_nav.html.erb (0.2ms)
  Rendered shared/_search_modal.html.erb (0.2ms)
  Rendered shared/_main_content.html.erb (0.2ms)
  Rendered static_pages/index.html.erb within layouts/application (170.3ms)
Completed 200 OK in 434ms (Views: 410.7ms | ActiveRecord: 0.0ms)


Started GET "/assets/application.self-68af713b49e143cf445778683ab7f1d8f444b249b2af2f0f2412a59403761c63.css?body=1" for ::1 at 2019-07-31 11:03:21 -1000
Started GET "/assets/AA_Times_Logo.png" for ::1 at 2019-07-31 11:03:21 -1000
Started GET "/" for ::1 at 2019-07-31 11:03:59 -1000
Processing by StaticPagesController#index as HTML
  Rendering static_pages/index.html.erb within layouts/application
  Rendered shared/_sections_sidebar.html.erb (0.2ms)
  Rendered shared/_gear_dropdown.html.erb (0.2ms)
  Rendered shared/_main_nav.html.erb (49.3ms)
  Rendered shared/_masthead.html.erb (0.2ms)
  Rendered shared/_sections_nav.html.erb (0.2ms)
  Rendered shared/_search_modal.html.erb (0.2ms)
  Rendered shared/_main_content.html.erb (0.2ms)
  Rendered static_pages/index.html.erb within layouts/application (170.1ms)
Completed 200 OK in 452ms (Views: 428.2ms | ActiveRecord: 0.0ms)


Started GET "/assets/application.self-c6218829daa6193fbae26a2738c82de72a6eff0afde2307e2b24041b23d04fd7.css?body=1" for ::1 at 2019-07-31 11:04:02 -1000
Started GET "/assets/AA_Times_Logo.png" for ::1 at 2019-07-31 11:04:02 -1000
Started GET "/" for ::1 at 2019-07-31 11:04:36 -1000
Processing by StaticPagesController#index as HTML
  Rendering static_pages/index.html.erb within layouts/application
  Rendered shared/_sections_sidebar.html.erb (0.2ms)
  Rendered shared/_gear_dropdown.html.erb (0.2ms)
  Rendered shared/_main_nav.html.erb (50.8ms)
  Rendered shared/_masthead.html.erb (0.2ms)
  Rendered shared/_sections_nav.html.erb (0.2ms)
  Rendered shared/_search_modal.html.erb (0.2ms)
  Rendered shared/_main_content.html.erb (0.2ms)
  Rendered static_pages/index.html.erb within layouts/application (174.5ms)
Completed 200 OK in 446ms (Views: 421.2ms | ActiveRecord: 0.0ms)


Started GET "/assets/application.self-0569869f606f682e72a1ec6938cd200b278833463fda0a37d8deaffcbb71bcda.css?body=1" for ::1 at 2019-07-31 11:04:38 -1000
Started GET "/assets/AA_Times_Logo.png" for ::1 at 2019-07-31 11:04:38 -1000
Started GET "/" for ::1 at 2019-07-31 11:05:13 -1000
Processing by StaticPagesController#index as HTML
  Rendering static_pages/index.html.erb within layouts/application
  Rendered shared/_sections_sidebar.html.erb (0.2ms)
  Rendered shared/_gear_dropdown.html.erb (0.2ms)
  Rendered shared/_main_nav.html.erb (51.0ms)
  Rendered shared/_masthead.html.erb (0.2ms)
  Rendered shared/_sections_nav.html.erb (0.2ms)
  Rendered shared/_search_modal.html.erb (0.2ms)
  Rendered shared/_main_content.html.erb (0.2ms)
  Rendered static_pages/index.html.erb within layouts/application (179.5ms)
Completed 200 OK in 468ms (Views: 444.0ms | ActiveRecord: 0.0ms)


Started GET "/assets/application.self-63ae9241489c52f0a8105d69a4a1e9c62848ef894f3c8b8a57ab28aa34f65bc0.css?body=1" for ::1 at 2019-07-31 11:05:15 -1000
Started GET "/assets/AA_Times_Logo.png" for ::1 at 2019-07-31 11:05:15 -1000
Started GET "/" for ::1 at 2019-07-31 11:05:23 -1000
Processing by StaticPagesController#index as HTML
  Rendering static_pages/index.html.erb within layouts/application
  Rendered shared/_sections_sidebar.html.erb (0.2ms)
  Rendered shared/_gear_dropdown.html.erb (0.2ms)
  Rendered shared/_main_nav.html.erb (49.3ms)
  Rendered shared/_masthead.html.erb (0.2ms)
  Rendered shared/_sections_nav.html.erb (0.2ms)
  Rendered shared/_search_modal.html.erb (0.2ms)
  Rendered shared/_main_content.html.erb (0.3ms)
  Rendered static_pages/index.html.erb within layouts/application (174.8ms)
Completed 200 OK in 451ms (Views: 427.8ms | ActiveRecord: 0.0ms)


Started GET "/assets/application.self-a3ec5870a688d35bbc086e60a8f5ebf94705c86363ac6efd7bc7596f70cd1cae.css?body=1" for ::1 at 2019-07-31 11:05:26 -1000
Started GET "/assets/AA_Times_Logo.png" for ::1 at 2019-07-31 11:05:26 -1000
Started GET "/" for ::1 at 2019-07-31 11:12:27 -1000
Processing by StaticPagesController#index as HTML
  Rendering static_pages/index.html.erb within layouts/application
  Rendered shared/_gear_dropdown.html.erb (0.2ms)
  Rendered shared/_main_nav.html.erb (24.3ms)
  Rendered shared/_masthead.html.erb (0.3ms)
  Rendered shared/_sections_nav.html.erb (0.2ms)
  Rendered shared/_search_modal.html.erb (0.2ms)
  Rendered shared/_main_content.html.erb (0.2ms)
  Rendered static_pages/index.html.erb within layouts/application (146.1ms)
Completed 200 OK in 417ms (Views: 392.8ms | ActiveRecord: 0.0ms)


Started GET "/assets/application.self-e8a7dc91a8ba17d43a0dfcc63d6499c427f3bebe6e85d40dbd3d84a1ff911fb5.css?body=1" for ::1 at 2019-07-31 11:12:29 -1000
Started GET "/assets/AA_Times_Logo.png" for ::1 at 2019-07-31 11:12:29 -1000
Started GET "/" for ::1 at 2019-07-31 11:14:49 -1000
Processing by StaticPagesController#index as HTML
  Rendering static_pages/index.html.erb within layouts/application
  Rendered shared/_gear_dropdown.html.erb (0.2ms)
  Rendered shared/_main_nav.html.erb (24.4ms)
  Rendered shared/_masthead.html.erb (0.2ms)
  Rendered shared/_sections_nav.html.erb (0.2ms)
  Rendered shared/_search_modal.html.erb (0.2ms)
  Rendered shared/_main_content.html.erb (0.2ms)
  Rendered static_pages/index.html.erb within layouts/application (147.9ms)
Completed 200 OK in 277ms (Views: 252.7ms | ActiveRecord: 0.0ms)


Started GET "/assets/AA_Times_Logo.png" for ::1 at 2019-07-31 11:14:51 -1000
Started GET "/" for ::1 at 2019-07-31 11:21:39 -1000
Processing by StaticPagesController#index as HTML
  Rendering static_pages/index.html.erb within layouts/application
  Rendered shared/_gear_dropdown.html.erb (0.2ms)
  Rendered shared/_main_nav.html.erb (24.5ms)
  Rendered shared/_masthead.html.erb (0.2ms)
  Rendered shared/_sections_nav.html.erb (0.2ms)
  Rendered shared/_search_modal.html.erb (0.2ms)
  Rendered shared/_main_content.html.erb (0.2ms)
  Rendered static_pages/index.html.erb within layouts/application (149.9ms)
Completed 200 OK in 426ms (Views: 401.6ms | ActiveRecord: 0.0ms)


Started GET "/assets/application.self-f7b3b61211c59a5a4e136d0e05d546289d1d07092b9a96c1fbc1624c4b55dcea.css?body=1" for ::1 at 2019-07-31 11:21:41 -1000
Started GET "/assets/AA_Times_Logo.png" for ::1 at 2019-07-31 11:21:41 -1000
Started GET "/assets/application.self-f7b3b61211c59a5a4e136d0e05d546289d1d07092b9a96c1fbc1624c4b55dcea.css?body=1" for ::1 at 2019-07-31 12:29:54 -1000
Started GET "/" for ::1 at 2019-07-31 12:36:14 -1000
Processing by StaticPagesController#index as HTML
  Rendering static_pages/index.html.erb within layouts/application
  Rendered shared/_gear_dropdown.html.erb (1.8ms)
  Rendered shared/_main_nav.html.erb (40.8ms)
  Rendered shared/_masthead.html.erb (2.2ms)
  Rendered shared/_sections_nav.html.erb (0.9ms)
  Rendered shared/_search_modal.html.erb (0.9ms)
  Rendered shared/_main_content.html.erb (0.4ms)
  Rendered static_pages/index.html.erb within layouts/application (222.9ms)
Completed 200 OK in 806ms (Views: 770.3ms | ActiveRecord: 0.0ms)


Started GET "/assets/application.self-5ecd77269ab81dc66959e1a1a3d1efd9c2ce86a83f8684d2302b57d8d3557289.css?body=1" for ::1 at 2019-07-31 12:36:17 -1000
Started GET "/assets/AA_Times_Logo.png" for ::1 at 2019-07-31 12:36:17 -1000
Started GET "/" for ::1 at 2019-07-31 12:37:44 -1000
Processing by StaticPagesController#index as HTML
  Rendering static_pages/index.html.erb within layouts/application
  Rendered shared/_gear_dropdown.html.erb (0.2ms)
  Rendered shared/_main_nav.html.erb (27.5ms)
  Rendered shared/_masthead.html.erb (0.3ms)
  Rendered shared/_sections_nav.html.erb (0.8ms)
  Rendered shared/_search_modal.html.erb (2.3ms)
  Rendered shared/_main_content.html.erb (0.7ms)
  Rendered static_pages/index.html.erb within layouts/application (181.2ms)
Completed 200 OK in 501ms (Views: 476.1ms | ActiveRecord: 0.0ms)


Started GET "/assets/AA_Times_Logo.png" for ::1 at 2019-07-31 12:37:47 -1000
Started GET "/assets/application.self-6de2a9aa6e86f49054f37cea798a239672e500658ed49fcfcae1404c8e030f86.css?body=1" for ::1 at 2019-07-31 12:37:47 -1000
Started GET "/" for ::1 at 2019-07-31 12:58:42 -1000
Processing by StaticPagesController#index as HTML
  Rendering static_pages/index.html.erb within layouts/application
  Rendered shared/_gear_dropdown.html.erb (0.3ms)
  Rendered shared/_main_nav.html.erb (29.1ms)
  Rendered shared/_masthead.html.erb (1.0ms)
  Rendered shared/_sections_nav.html.erb (0.2ms)
  Rendered shared/_search_modal.html.erb (1.5ms)
  Rendered shared/_main_content.html.erb (0.2ms)
  Rendered static_pages/index.html.erb within layouts/application (162.2ms)
Completed 200 OK in 649ms (Views: 622.8ms | ActiveRecord: 0.0ms)


Started GET "/assets/application.self-7ce38cd58e4bc303efb4165825145e69a78822a7e89cee291aea3ddb244001ac.css?body=1" for ::1 at 2019-07-31 12:58:44 -1000
Started GET "/assets/AA_Times_Logo.png" for ::1 at 2019-07-31 12:58:44 -1000
Started GET "/" for ::1 at 2019-07-31 12:59:44 -1000
Processing by StaticPagesController#index as HTML
  Rendering static_pages/index.html.erb within layouts/application
  Rendered shared/_gear_dropdown.html.erb (1.1ms)
  Rendered shared/_main_nav.html.erb (27.6ms)
  Rendered shared/_masthead.html.erb (0.3ms)
  Rendered shared/_sections_nav.html.erb (0.2ms)
  Rendered shared/_search_modal.html.erb (0.6ms)
  Rendered shared/_main_content.html.erb (0.2ms)
  Rendered static_pages/index.html.erb within layouts/application (163.0ms)
Completed 200 OK in 510ms (Views: 484.9ms | ActiveRecord: 0.0ms)


Started GET "/assets/application.self-7268f235a5c30b7dc29721ca6ec7e690249d676996c968e80a0788a49f94d828.css?body=1" for ::1 at 2019-07-31 12:59:47 -1000
Started GET "/assets/AA_Times_Logo.png" for ::1 at 2019-07-31 12:59:47 -1000
Started GET "/" for ::1 at 2019-07-31 13:08:06 -1000
Processing by StaticPagesController#index as HTML
  Rendering static_pages/index.html.erb within layouts/application
  Rendered shared/_gear_dropdown.html.erb (0.3ms)
  Rendered shared/_main_nav.html.erb (28.6ms)
  Rendered shared/_masthead.html.erb (0.4ms)
  Rendered shared/_sections_nav.html.erb (0.3ms)
  Rendered shared/_search_modal.html.erb (0.4ms)
  Rendered shared/_main_content.html.erb (0.3ms)
  Rendered static_pages/index.html.erb within layouts/application (169.3ms)
Completed 200 OK in 533ms (Views: 507.1ms | ActiveRecord: 0.0ms)


Started GET "/assets/application.self-f6bfa7fe4638f7369e02b7889dc320ad5fa9f8f6ba8810b1f546bd85ca26f573.css?body=1" for ::1 at 2019-07-31 13:08:08 -1000
Started GET "/assets/AA_Times_Logo.png" for ::1 at 2019-07-31 13:08:08 -1000
Started GET "/" for ::1 at 2019-07-31 13:11:50 -1000
Processing by StaticPagesController#index as HTML
  Rendering static_pages/index.html.erb within layouts/application
  Rendered shared/_gear_dropdown.html.erb (0.2ms)
  Rendered shared/_main_nav.html.erb (28.8ms)
  Rendered shared/_masthead.html.erb (0.2ms)
  Rendered shared/_sections_nav.html.erb (1.2ms)
  Rendered shared/_search_modal.html.erb (0.5ms)
  Rendered shared/_main_content.html.erb (0.2ms)
  Rendered static_pages/index.html.erb within layouts/application (156.9ms)
Completed 200 OK in 480ms (Views: 450.8ms | ActiveRecord: 0.0ms)


Started GET "/assets/application.self-3b6186e7673c5548972be7e9c6bbaca451a733614dd48bdfd319b79bf40ad267.css?body=1" for ::1 at 2019-07-31 13:11:52 -1000
Started GET "/assets/AA_Times_Logo.png" for ::1 at 2019-07-31 13:11:52 -1000
Started GET "/" for ::1 at 2019-07-31 13:18:27 -1000
Processing by StaticPagesController#index as HTML
  Rendering static_pages/index.html.erb within layouts/application
  Rendered shared/_gear_dropdown.html.erb (0.6ms)
  Rendered shared/_main_nav.html.erb (27.7ms)
  Rendered shared/_masthead.html.erb (0.8ms)
  Rendered shared/_sections_nav.html.erb (0.3ms)
  Rendered shared/_search_modal.html.erb (0.2ms)
  Rendered shared/_main_content.html.erb (0.2ms)
  Rendered static_pages/index.html.erb within layouts/application (163.2ms)
Completed 200 OK in 480ms (Views: 452.8ms | ActiveRecord: 0.0ms)


Started GET "/assets/application.self-ee8bac0d0214a71c20332e464549d7ac41d45f7d60471ea6e9e51ed6df11f002.css?body=1" for ::1 at 2019-07-31 13:18:30 -1000
Started GET "/assets/AA_Times_Logo.png" for ::1 at 2019-07-31 13:18:30 -1000
